Copyright 1986-2021 Xilinx, Inc. All Rights Reserved.
------------------------------------------------------------------------------------------------------------------------------------------------------------------------------------------------------------------------------
| Tool Version : Vivado v.2021.2 (win64) Build 3367213 Tue Oct 19 02:48:09 MDT 2021
| Date         : Mon May 11 18:36:02 2026
| Host         : Asus_Pranav running 64-bit major release  (build 9200)
| Command      : report_timing_summary -max_paths 10 -report_unconstrained -file AHBLITE_SYS_timing_summary_routed.rpt -pb AHBLITE_SYS_timing_summary_routed.pb -rpx AHBLITE_SYS_timing_summary_routed.rpx -warn_on_violation
| Design       : AHBLITE_SYS
| Device       : 7a100t-csg324
| Speed File   : -1  PRODUCTION 1.23 2018-06-13
------------------------------------------------------------------------------------------------------------------------------------------------------------------------------------------------------------------------------

Timing Summary Report

------------------------------------------------------------------------------------------------
| Timer Settings
| --------------
------------------------------------------------------------------------------------------------

  Enable Multi Corner Analysis               :  Yes
  Enable Pessimism Removal                   :  Yes
  Pessimism Removal Resolution               :  Nearest Common Node
  Enable Input Delay Default Clock           :  No
  Enable Preset / Clear Arcs                 :  No
  Disable Flight Delays                      :  No
  Ignore I/O Paths                           :  No
  Timing Early Launch at Borrowing Latches   :  No
  Borrow Time for Max Delay Exceptions       :  Yes
  Merge Timing Exceptions                    :  Yes

  Corner  Analyze    Analyze    
  Name    Max Paths  Min Paths  
  ------  ---------  ---------  
  Slow    Yes        Yes        
  Fast    Yes        Yes        


------------------------------------------------------------------------------------------------
| Report Methodology
| ------------------
------------------------------------------------------------------------------------------------

Rule       Severity          Description                  Violations  
---------  ----------------  ---------------------------  ----------  
TIMING-17  Critical Warning  Non-clocked sequential cell  1000        
SYNTH-10   Warning           Wide multiplier              3           
SYNTH-16   Warning           Address collision            9           

Note: This report is based on the most recent report_methodology run and may not be up-to-date. Run report_methodology on the current design for the latest report.



check_timing report

Table of Contents
-----------------
1. checking no_clock (1407)
2. checking constant_clock (0)
3. checking pulse_width_clock (0)
4. checking unconstrained_internal_endpoints (3575)
5. checking no_input_delay (10)
6. checking no_output_delay (31)
7. checking multiple_clock (0)
8. checking generated_clocks (0)
9. checking loops (0)
10. checking partial_input_delay (0)
11. checking partial_output_delay (0)
12. checking latch_loops (0)

1. checking no_clock (1407)
---------------------------
 There are 1403 register/latch pins with no clock driven by root clock pin: clk_div_reg/Q (HIGH)

 There are 4 register/latch pins with no clock driven by root clock pin: uAHB7SEGDEC/counter_reg[15]/Q (HIGH)


2. checking constant_clock (0)
------------------------------
 There are 0 register/latch pins with constant_clock.


3. checking pulse_width_clock (0)
---------------------------------
 There are 0 register/latch pins which need pulse_width check


4. checking unconstrained_internal_endpoints (3575)
---------------------------------------------------
 There are 3575 pins that are not constrained for maximum delay. (HIGH)

 There are 0 pins that are not constrained for maximum delay due to constant clock.


5. checking no_input_delay (10)
-------------------------------
 There are 10 input ports with no input delay specified. (HIGH)

 There are 0 input ports with no input delay but user has a false path constraint.


6. checking no_output_delay (31)
--------------------------------
 There are 31 ports with no output delay specified. (HIGH)

 There are 0 ports with no output delay but user has a false path constraint

 There are 0 ports with no output delay but with a timing clock defined on it or propagating through it


7. checking multiple_clock (0)
------------------------------
 There are 0 register/latch pins with multiple clocks.


8. checking generated_clocks (0)
--------------------------------
 There are 0 generated clocks that are not connected to a clock source.


9. checking loops (0)
---------------------
 There are 0 combinational loops in the design.


10. checking partial_input_delay (0)
------------------------------------
 There are 0 input ports with partial input delay specified.


11. checking partial_output_delay (0)
-------------------------------------
 There are 0 ports with partial output delay specified.


12. checking latch_loops (0)
----------------------------
 There are 0 combinational latch loops in the design through latch input



------------------------------------------------------------------------------------------------
| Design Timing Summary
| ---------------------
------------------------------------------------------------------------------------------------

    WNS(ns)      TNS(ns)  TNS Failing Endpoints  TNS Total Endpoints      WHS(ns)      THS(ns)  THS Failing Endpoints  THS Total Endpoints     WPWS(ns)     TPWS(ns)  TPWS Failing Endpoints  TPWS Total Endpoints  
    -------      -------  ---------------------  -------------------      -------      -------  ---------------------  -------------------     --------     --------  ----------------------  --------------------  
      8.148        0.000                      0                    1        0.554        0.000                      0                    1        4.500        0.000                       0                     2  


All user specified timing constraints are met.


------------------------------------------------------------------------------------------------
| Clock Summary
| -------------
------------------------------------------------------------------------------------------------

Clock        Waveform(ns)       Period(ns)      Frequency(MHz)
-----        ------------       ----------      --------------
sys_clk_pin  {0.000 5.000}      10.000          100.000         


------------------------------------------------------------------------------------------------
| Intra Clock Table
| -----------------
------------------------------------------------------------------------------------------------

Clock             WNS(ns)      TNS(ns)  TNS Failing Endpoints  TNS Total Endpoints      WHS(ns)      THS(ns)  THS Failing Endpoints  THS Total Endpoints     WPWS(ns)     TPWS(ns)  TPWS Failing Endpoints  TPWS Total Endpoints  
-----             -------      -------  ---------------------  -------------------      -------      -------  ---------------------  -------------------     --------     --------  ----------------------  --------------------  
sys_clk_pin         8.148        0.000                      0                    1        0.554        0.000                      0                    1        4.500        0.000                       0                     2  


------------------------------------------------------------------------------------------------
| Inter Clock Table
| -----------------
------------------------------------------------------------------------------------------------

From Clock    To Clock          WNS(ns)      TNS(ns)  TNS Failing Endpoints  TNS Total Endpoints      WHS(ns)      THS(ns)  THS Failing Endpoints  THS Total Endpoints  
----------    --------          -------      -------  ---------------------  -------------------      -------      -------  ---------------------  -------------------  


------------------------------------------------------------------------------------------------
| Other Path Groups Table
| -----------------------
------------------------------------------------------------------------------------------------

Path Group    From Clock    To Clock          WNS(ns)      TNS(ns)  TNS Failing Endpoints  TNS Total Endpoints      WHS(ns)      THS(ns)  THS Failing Endpoints  THS Total Endpoints  
----------    ----------    --------          -------      -------  ---------------------  -------------------      -------      -------  ---------------------  -------------------  


------------------------------------------------------------------------------------------------
| User Ignored Path Table
| -----------------------
------------------------------------------------------------------------------------------------

Path Group    From Clock    To Clock    
----------    ----------    --------    


------------------------------------------------------------------------------------------------
| Unconstrained Path Table
| ------------------------
------------------------------------------------------------------------------------------------

Path Group    From Clock    To Clock    
----------    ----------    --------    
(none)                                    


------------------------------------------------------------------------------------------------
| Timing Details
| --------------
------------------------------------------------------------------------------------------------


---------------------------------------------------------------------------------------------------
From Clock:  sys_clk_pin
  To Clock:  sys_clk_pin

Setup :            0  Failing Endpoints,  Worst Slack        8.148ns,  Total Violation        0.000ns
Hold  :            0  Failing Endpoints,  Worst Slack        0.554ns,  Total Violation        0.000ns
PW    :            0  Failing Endpoints,  Worst Slack        4.500ns,  Total Violation        0.000ns
---------------------------------------------------------------------------------------------------


Max Delay Paths
--------------------------------------------------------------------------------------
Slack (MET) :             8.148ns  (required time - arrival time)
  Source:                 clk_div_reg/C
                            (rising edge-triggered cell FDRE clocked by sys_clk_pin  {rise@0.000ns fall@5.000ns period=10.000ns})
  Destination:            clk_div_reg/D
                            (rising edge-triggered cell FDRE clocked by sys_clk_pin  {rise@0.000ns fall@5.000ns period=10.000ns})
  Path Group:             sys_clk_pin
  Path Type:              Setup (Max at Slow Process Corner)
  Requirement:            10.000ns  (sys_clk_pin rise@10.000ns - sys_clk_pin rise@0.000ns)
  Data Path Delay:        1.846ns  (logic 0.580ns (31.426%)  route 1.266ns (68.574%))
  Logic Levels:           1  (LUT1=1)
  Clock Path Skew:        0.000ns (DCD - SCD + CPR)
    Destination Clock Delay (DCD):    4.927ns = ( 14.927 - 10.000 ) 
    Source Clock Delay      (SCD):    5.228ns
    Clock Pessimism Removal (CPR):    0.301ns
  Clock Uncertainty:      0.035ns  ((TSJ^2 + TIJ^2)^1/2 + DJ) / 2 + PE
    Total System Jitter     (TSJ):    0.071ns
    Total Input Jitter      (TIJ):    0.000ns
    Discrete Jitter          (DJ):    0.000ns
    Phase Error              (PE):    0.000ns

    Location             Delay type                Incr(ns)  Path(ns)    Netlist Resource(s)
  -------------------------------------------------------------------    -------------------
                         (clock sys_clk_pin rise edge)
                                                      0.000     0.000 r  
    E3                                                0.000     0.000 r  CLK (IN)
                         net (fo=0)                   0.000     0.000    CLK
    E3                   IBUF (Prop_ibuf_I_O)         1.482     1.482 r  CLK_IBUF_inst/O
                         net (fo=1, routed)           2.025     3.506    CLK_IBUF
    BUFGCTRL_X0Y16       BUFG (Prop_bufg_I_O)         0.096     3.602 r  CLK_IBUF_BUFG_inst/O
                         net (fo=1, routed)           1.625     5.228    CLK_IBUF_BUFG
    SLICE_X52Y96         FDRE                                         r  clk_div_reg/C
  -------------------------------------------------------------------    -------------------
    SLICE_X52Y96         FDRE (Prop_fdre_C_Q)         0.456     5.684 f  clk_div_reg/Q
                         net (fo=2, routed)           1.266     6.949    clk_div
    SLICE_X52Y96         LUT1 (Prop_lut1_I0_O)        0.124     7.073 r  clk_div_i_1/O
                         net (fo=1, routed)           0.000     7.073    p_0_in__0
    SLICE_X52Y96         FDRE                                         r  clk_div_reg/D
  -------------------------------------------------------------------    -------------------

                         (clock sys_clk_pin rise edge)
                                                     10.000    10.000 r  
    E3                                                0.000    10.000 r  CLK (IN)
                         net (fo=0)                   0.000    10.000    CLK
    E3                   IBUF (Prop_ibuf_I_O)         1.411    11.411 r  CLK_IBUF_inst/O
                         net (fo=1, routed)           1.920    13.331    CLK_IBUF
    BUFGCTRL_X0Y16       BUFG (Prop_bufg_I_O)         0.091    13.422 r  CLK_IBUF_BUFG_inst/O
                         net (fo=1, routed)           1.504    14.927    CLK_IBUF_BUFG
    SLICE_X52Y96         FDRE                                         r  clk_div_reg/C
                         clock pessimism              0.301    15.228    
                         clock uncertainty           -0.035    15.192    
    SLICE_X52Y96         FDRE (Setup_fdre_C_D)        0.029    15.221    clk_div_reg
  -------------------------------------------------------------------
                         required time                         15.221    
                         arrival time                          -7.073    
  -------------------------------------------------------------------
                         slack                                  8.148    





Min Delay Paths
--------------------------------------------------------------------------------------
Slack (MET) :             0.554ns  (arrival time - required time)
  Source:                 clk_div_reg/C
                            (rising edge-triggered cell FDRE clocked by sys_clk_pin  {rise@0.000ns fall@5.000ns period=10.000ns})
  Destination:            clk_div_reg/D
                            (rising edge-triggered cell FDRE clocked by sys_clk_pin  {rise@0.000ns fall@5.000ns period=10.000ns})
  Path Group:             sys_clk_pin
  Path Type:              Hold (Min at Fast Process Corner)
  Requirement:            0.000ns  (sys_clk_pin rise@0.000ns - sys_clk_pin rise@0.000ns)
  Data Path Delay:        0.645ns  (logic 0.186ns (28.855%)  route 0.459ns (71.145%))
  Logic Levels:           1  (LUT1=1)
  Clock Path Skew:        0.000ns (DCD - SCD - CPR)
    Destination Clock Delay (DCD):    1.999ns
    Source Clock Delay      (SCD):    1.483ns
    Clock Pessimism Removal (CPR):    0.515ns

    Location             Delay type                Incr(ns)  Path(ns)    Netlist Resource(s)
  -------------------------------------------------------------------    -------------------
                         (clock sys_clk_pin rise edge)
                                                      0.000     0.000 r  
    E3                                                0.000     0.000 r  CLK (IN)
                         net (fo=0)                   0.000     0.000    CLK
    E3                   IBUF (Prop_ibuf_I_O)         0.250     0.250 r  CLK_IBUF_inst/O
                         net (fo=1, routed)           0.644     0.894    CLK_IBUF
    BUFGCTRL_X0Y16       BUFG (Prop_bufg_I_O)         0.026     0.920 r  CLK_IBUF_BUFG_inst/O
                         net (fo=1, routed)           0.564     1.483    CLK_IBUF_BUFG
    SLICE_X52Y96         FDRE                                         r  clk_div_reg/C
  -------------------------------------------------------------------    -------------------
    SLICE_X52Y96         FDRE (Prop_fdre_C_Q)         0.141     1.624 f  clk_div_reg/Q
                         net (fo=2, routed)           0.459     2.083    clk_div
    SLICE_X52Y96         LUT1 (Prop_lut1_I0_O)        0.045     2.128 r  clk_div_i_1/O
                         net (fo=1, routed)           0.000     2.128    p_0_in__0
    SLICE_X52Y96         FDRE                                         r  clk_div_reg/D
  -------------------------------------------------------------------    -------------------

                         (clock sys_clk_pin rise edge)
                                                      0.000     0.000 r  
    E3                                                0.000     0.000 r  CLK (IN)
                         net (fo=0)                   0.000     0.000    CLK
    E3                   IBUF (Prop_ibuf_I_O)         0.438     0.438 r  CLK_IBUF_inst/O
                         net (fo=1, routed)           0.699     1.136    CLK_IBUF
    BUFGCTRL_X0Y16       BUFG (Prop_bufg_I_O)         0.029     1.165 r  CLK_IBUF_BUFG_inst/O
                         net (fo=1, routed)           0.834     1.999    CLK_IBUF_BUFG
    SLICE_X52Y96         FDRE                                         r  clk_div_reg/C
                         clock pessimism             -0.515     1.483    
    SLICE_X52Y96         FDRE (Hold_fdre_C_D)         0.091     1.574    clk_div_reg
  -------------------------------------------------------------------
                         required time                         -1.574    
                         arrival time                           2.128    
  -------------------------------------------------------------------
                         slack                                  0.554    





Pulse Width Checks
--------------------------------------------------------------------------------------
Clock Name:         sys_clk_pin
Waveform(ns):       { 0.000 5.000 }
Period(ns):         10.000
Sources:            { CLK }

Check Type        Corner  Lib Pin  Reference Pin  Required(ns)  Actual(ns)  Slack(ns)  Location        Pin
Min Period        n/a     BUFG/I   n/a            2.155         10.000      7.845      BUFGCTRL_X0Y16  CLK_IBUF_BUFG_inst/I
Min Period        n/a     FDRE/C   n/a            1.000         10.000      9.000      SLICE_X52Y96    clk_div_reg/C
Low Pulse Width   Slow    FDRE/C   n/a            0.500         5.000       4.500      SLICE_X52Y96    clk_div_reg/C
Low Pulse Width   Fast    FDRE/C   n/a            0.500         5.000       4.500      SLICE_X52Y96    clk_div_reg/C
High Pulse Width  Slow    FDRE/C   n/a            0.500         5.000       4.500      SLICE_X52Y96    clk_div_reg/C
High Pulse Width  Fast    FDRE/C   n/a            0.500         5.000       4.500      SLICE_X52Y96    clk_div_reg/C



--------------------------------------------------------------------------------------
Path Group:  (none)
From Clock:  
  To Clock:  

Max Delay          3606 Endpoints
Min Delay          3606 Endpoints
--------------------------------------------------------------------------------------


Max Delay Paths
--------------------------------------------------------------------------------------
Slack:                    inf
  Source:                 u_CORTEXM0INTEGRATION/u_logic/Vhspw6_reg/C
                            (rising edge-triggered cell FDRE)
  Destination:            u_CORTEXM0INTEGRATION/u_logic/Ydopw6_reg/D
  Path Group:             (none)
  Path Type:              Max at Slow Process Corner
  Data Path Delay:        30.371ns  (logic 9.204ns (30.305%)  route 21.167ns (69.695%))
  Logic Levels:           22  (CARRY4=4 DSP48E1=2 FDRE=1 LUT2=2 LUT3=1 LUT4=1 LUT5=2 LUT6=9)

    Location             Delay type                Incr(ns)  Path(ns)    Netlist Resource(s)
  -------------------------------------------------------------------    -------------------
    SLICE_X48Y50         FDRE                         0.000     0.000 r  u_CORTEXM0INTEGRATION/u_logic/Vhspw6_reg/C
    SLICE_X48Y50         FDRE (Prop_fdre_C_Q)         0.456     0.456 f  u_CORTEXM0INTEGRATION/u_logic/Vhspw6_reg/Q
                         net (fo=177, routed)         5.817     6.273    u_CORTEXM0INTEGRATION/u_logic/Vhspw6
    SLICE_X52Y66         LUT4 (Prop_lut4_I0_O)        0.124     6.397 f  u_CORTEXM0INTEGRATION/u_logic/Affpw60_i_74/O
                         net (fo=10, routed)          2.518     8.915    u_CORTEXM0INTEGRATION/u_logic/Affpw60_i_74_n_0
    SLICE_X49Y63         LUT5 (Prop_lut5_I3_O)        0.124     9.039 r  u_CORTEXM0INTEGRATION/u_logic/Affpw60__0_i_40/O
                         net (fo=1, routed)           0.870     9.910    u_CORTEXM0INTEGRATION/u_logic/Affpw60__0_i_40_n_0
    SLICE_X48Y63         LUT6 (Prop_lut6_I5_O)        0.124    10.034 r  u_CORTEXM0INTEGRATION/u_logic/Affpw60__0_i_20/O
                         net (fo=2, routed)           1.035    11.069    u_CORTEXM0INTEGRATION/u_logic/Affpw60__0_i_20_n_0
    SLICE_X54Y59         LUT2 (Prop_lut2_I0_O)        0.148    11.217 r  u_CORTEXM0INTEGRATION/u_logic/Affpw60__0_i_1/O
                         net (fo=1, routed)           0.581    11.797    u_CORTEXM0INTEGRATION/u_logic/Tgfpw6[16]
    DSP48_X1Y23          DSP48E1 (Prop_dsp48e1_B[16]_PCOUT[47])
                                                      4.055    15.852 r  u_CORTEXM0INTEGRATION/u_logic/Affpw60__0/PCOUT[47]
                         net (fo=1, routed)           0.002    15.854    u_CORTEXM0INTEGRATION/u_logic/Affpw60__0_n_106
    DSP48_X1Y24          DSP48E1 (Prop_dsp48e1_PCIN[47]_P[0])
                                                      1.518    17.372 r  u_CORTEXM0INTEGRATION/u_logic/Affpw60__1/P[0]
                         net (fo=2, routed)           1.133    18.506    u_CORTEXM0INTEGRATION/u_logic/Affpw60__1_n_105
    SLICE_X57Y61         LUT2 (Prop_lut2_I0_O)        0.124    18.630 r  u_CORTEXM0INTEGRATION/u_logic/Nznax6_i_9/O
                         net (fo=1, routed)           0.000    18.630    u_CORTEXM0INTEGRATION/u_logic/Nznax6_i_9_n_0
    SLICE_X57Y61         CARRY4 (Prop_carry4_S[1]_CO[3])
                                                      0.550    19.180 r  u_CORTEXM0INTEGRATION/u_logic/Nznax6_reg_i_6/CO[3]
                         net (fo=1, routed)           0.000    19.180    u_CORTEXM0INTEGRATION/u_logic/Nznax6_reg_i_6_n_0
    SLICE_X57Y62         CARRY4 (Prop_carry4_CI_CO[3])
                                                      0.114    19.294 r  u_CORTEXM0INTEGRATION/u_logic/Nrnax6_reg_i_14/CO[3]
                         net (fo=1, routed)           0.000    19.294    u_CORTEXM0INTEGRATION/u_logic/Nrnax6_reg_i_14_n_0
    SLICE_X57Y63         CARRY4 (Prop_carry4_CI_CO[3])
                                                      0.114    19.408 r  u_CORTEXM0INTEGRATION/u_logic/Nfnax6_reg_i_13/CO[3]
                         net (fo=1, routed)           0.000    19.408    u_CORTEXM0INTEGRATION/u_logic/Nfnax6_reg_i_13_n_0
    SLICE_X57Y64         CARRY4 (Prop_carry4_CI_O[1])
                                                      0.334    19.742 r  u_CORTEXM0INTEGRATION/u_logic/Rribx6_reg_i_14/O[1]
                         net (fo=1, routed)           0.925    20.667    u_CORTEXM0INTEGRATION/u_logic/p_0_in65_in
    SLICE_X42Y63         LUT6 (Prop_lut6_I2_O)        0.303    20.970 r  u_CORTEXM0INTEGRATION/u_logic/Nlnax6_i_11/O
                         net (fo=1, routed)           0.944    21.913    u_CORTEXM0INTEGRATION/u_logic/Nlnax6_i_11_n_0
    SLICE_X41Y63         LUT3 (Prop_lut3_I2_O)        0.124    22.037 r  u_CORTEXM0INTEGRATION/u_logic/Nlnax6_i_6/O
                         net (fo=1, routed)           0.310    22.348    u_CORTEXM0INTEGRATION/u_logic/Nlnax6_i_6_n_0
    SLICE_X42Y63         LUT6 (Prop_lut6_I5_O)        0.124    22.472 r  u_CORTEXM0INTEGRATION/u_logic/Nlnax6_i_2/O
                         net (fo=2, routed)           0.990    23.461    u_CORTEXM0INTEGRATION/u_logic/Nlnax6_i_2_n_0
    SLICE_X35Y62         LUT6 (Prop_lut6_I1_O)        0.124    23.585 r  u_CORTEXM0INTEGRATION/u_logic/Bfjpw6_i_27/O
                         net (fo=1, routed)           1.195    24.780    u_CORTEXM0INTEGRATION/u_logic/Bfjpw6_i_27_n_0
    SLICE_X35Y57         LUT5 (Prop_lut5_I0_O)        0.124    24.904 r  u_CORTEXM0INTEGRATION/u_logic/Bfjpw6_i_22/O
                         net (fo=1, routed)           0.941    25.845    u_CORTEXM0INTEGRATION/u_logic/Bfjpw6_i_22_n_0
    SLICE_X41Y57         LUT6 (Prop_lut6_I5_O)        0.124    25.969 r  u_CORTEXM0INTEGRATION/u_logic/Bfjpw6_i_9/O
                         net (fo=1, routed)           0.769    26.738    u_CORTEXM0INTEGRATION/u_logic/Bfjpw6_i_9_n_0
    SLICE_X34Y53         LUT6 (Prop_lut6_I4_O)        0.124    26.862 r  u_CORTEXM0INTEGRATION/u_logic/Bfjpw6_i_4/O
                         net (fo=2, routed)           0.794    27.656    u_CORTEXM0INTEGRATION/u_logic/Bfjpw6_i_4_n_0
    SLICE_X40Y53         LUT6 (Prop_lut6_I2_O)        0.124    27.780 r  u_CORTEXM0INTEGRATION/u_logic/Vgjpw6_i_15/O
                         net (fo=2, routed)           1.458    29.238    u_CORTEXM0INTEGRATION/u_logic/Vgjpw6_i_15_n_0
    SLICE_X53Y47         LUT6 (Prop_lut6_I3_O)        0.124    29.362 f  u_CORTEXM0INTEGRATION/u_logic/Ydopw6_i_4/O
                         net (fo=2, routed)           0.506    29.868    u_CORTEXM0INTEGRATION/u_logic/Ydopw6_i_4_n_0
    SLICE_X53Y42         LUT6 (Prop_lut6_I3_O)        0.124    29.992 r  u_CORTEXM0INTEGRATION/u_logic/Ydopw6_i_1/O
                         net (fo=1, routed)           0.379    30.371    u_CORTEXM0INTEGRATION/u_logic/Buohu6
    SLICE_X53Y42         FDCE                                         r  u_CORTEXM0INTEGRATION/u_logic/Ydopw6_reg/D
  -------------------------------------------------------------------    -------------------

Slack:                    inf
  Source:                 u_CORTEXM0INTEGRATION/u_logic/Vhspw6_reg/C
                            (rising edge-triggered cell FDRE)
  Destination:            u_CORTEXM0INTEGRATION/u_logic/Ydopw6_reg_rep/D
  Path Group:             (none)
  Path Type:              Max at Slow Process Corner
  Data Path Delay:        29.995ns  (logic 9.204ns (30.685%)  route 20.791ns (69.315%))
  Logic Levels:           22  (CARRY4=4 DSP48E1=2 FDRE=1 LUT2=2 LUT3=1 LUT4=1 LUT5=2 LUT6=9)

    Location             Delay type                Incr(ns)  Path(ns)    Netlist Resource(s)
  -------------------------------------------------------------------    -------------------
    SLICE_X48Y50         FDRE                         0.000     0.000 r  u_CORTEXM0INTEGRATION/u_logic/Vhspw6_reg/C
    SLICE_X48Y50         FDRE (Prop_fdre_C_Q)         0.456     0.456 f  u_CORTEXM0INTEGRATION/u_logic/Vhspw6_reg/Q
                         net (fo=177, routed)         5.817     6.273    u_CORTEXM0INTEGRATION/u_logic/Vhspw6
    SLICE_X52Y66         LUT4 (Prop_lut4_I0_O)        0.124     6.397 f  u_CORTEXM0INTEGRATION/u_logic/Affpw60_i_74/O
                         net (fo=10, routed)          2.518     8.915    u_CORTEXM0INTEGRATION/u_logic/Affpw60_i_74_n_0
    SLICE_X49Y63         LUT5 (Prop_lut5_I3_O)        0.124     9.039 r  u_CORTEXM0INTEGRATION/u_logic/Affpw60__0_i_40/O
                         net (fo=1, routed)           0.870     9.910    u_CORTEXM0INTEGRATION/u_logic/Affpw60__0_i_40_n_0
    SLICE_X48Y63         LUT6 (Prop_lut6_I5_O)        0.124    10.034 r  u_CORTEXM0INTEGRATION/u_logic/Affpw60__0_i_20/O
                         net (fo=2, routed)           1.035    11.069    u_CORTEXM0INTEGRATION/u_logic/Affpw60__0_i_20_n_0
    SLICE_X54Y59         LUT2 (Prop_lut2_I0_O)        0.148    11.217 r  u_CORTEXM0INTEGRATION/u_logic/Affpw60__0_i_1/O
                         net (fo=1, routed)           0.581    11.797    u_CORTEXM0INTEGRATION/u_logic/Tgfpw6[16]
    DSP48_X1Y23          DSP48E1 (Prop_dsp48e1_B[16]_PCOUT[47])
                                                      4.055    15.852 r  u_CORTEXM0INTEGRATION/u_logic/Affpw60__0/PCOUT[47]
                         net (fo=1, routed)           0.002    15.854    u_CORTEXM0INTEGRATION/u_logic/Affpw60__0_n_106
    DSP48_X1Y24          DSP48E1 (Prop_dsp48e1_PCIN[47]_P[0])
                                                      1.518    17.372 r  u_CORTEXM0INTEGRATION/u_logic/Affpw60__1/P[0]
                         net (fo=2, routed)           1.133    18.506    u_CORTEXM0INTEGRATION/u_logic/Affpw60__1_n_105
    SLICE_X57Y61         LUT2 (Prop_lut2_I0_O)        0.124    18.630 r  u_CORTEXM0INTEGRATION/u_logic/Nznax6_i_9/O
                         net (fo=1, routed)           0.000    18.630    u_CORTEXM0INTEGRATION/u_logic/Nznax6_i_9_n_0
    SLICE_X57Y61         CARRY4 (Prop_carry4_S[1]_CO[3])
                                                      0.550    19.180 r  u_CORTEXM0INTEGRATION/u_logic/Nznax6_reg_i_6/CO[3]
                         net (fo=1, routed)           0.000    19.180    u_CORTEXM0INTEGRATION/u_logic/Nznax6_reg_i_6_n_0
    SLICE_X57Y62         CARRY4 (Prop_carry4_CI_CO[3])
                                                      0.114    19.294 r  u_CORTEXM0INTEGRATION/u_logic/Nrnax6_reg_i_14/CO[3]
                         net (fo=1, routed)           0.000    19.294    u_CORTEXM0INTEGRATION/u_logic/Nrnax6_reg_i_14_n_0
    SLICE_X57Y63         CARRY4 (Prop_carry4_CI_CO[3])
                                                      0.114    19.408 r  u_CORTEXM0INTEGRATION/u_logic/Nfnax6_reg_i_13/CO[3]
                         net (fo=1, routed)           0.000    19.408    u_CORTEXM0INTEGRATION/u_logic/Nfnax6_reg_i_13_n_0
    SLICE_X57Y64         CARRY4 (Prop_carry4_CI_O[1])
                                                      0.334    19.742 r  u_CORTEXM0INTEGRATION/u_logic/Rribx6_reg_i_14/O[1]
                         net (fo=1, routed)           0.925    20.667    u_CORTEXM0INTEGRATION/u_logic/p_0_in65_in
    SLICE_X42Y63         LUT6 (Prop_lut6_I2_O)        0.303    20.970 r  u_CORTEXM0INTEGRATION/u_logic/Nlnax6_i_11/O
                         net (fo=1, routed)           0.944    21.913    u_CORTEXM0INTEGRATION/u_logic/Nlnax6_i_11_n_0
    SLICE_X41Y63         LUT3 (Prop_lut3_I2_O)        0.124    22.037 r  u_CORTEXM0INTEGRATION/u_logic/Nlnax6_i_6/O
                         net (fo=1, routed)           0.310    22.348    u_CORTEXM0INTEGRATION/u_logic/Nlnax6_i_6_n_0
    SLICE_X42Y63         LUT6 (Prop_lut6_I5_O)        0.124    22.472 r  u_CORTEXM0INTEGRATION/u_logic/Nlnax6_i_2/O
                         net (fo=2, routed)           0.990    23.461    u_CORTEXM0INTEGRATION/u_logic/Nlnax6_i_2_n_0
    SLICE_X35Y62         LUT6 (Prop_lut6_I1_O)        0.124    23.585 r  u_CORTEXM0INTEGRATION/u_logic/Bfjpw6_i_27/O
                         net (fo=1, routed)           1.195    24.780    u_CORTEXM0INTEGRATION/u_logic/Bfjpw6_i_27_n_0
    SLICE_X35Y57         LUT5 (Prop_lut5_I0_O)        0.124    24.904 r  u_CORTEXM0INTEGRATION/u_logic/Bfjpw6_i_22/O
                         net (fo=1, routed)           0.941    25.845    u_CORTEXM0INTEGRATION/u_logic/Bfjpw6_i_22_n_0
    SLICE_X41Y57         LUT6 (Prop_lut6_I5_O)        0.124    25.969 r  u_CORTEXM0INTEGRATION/u_logic/Bfjpw6_i_9/O
                         net (fo=1, routed)           0.769    26.738    u_CORTEXM0INTEGRATION/u_logic/Bfjpw6_i_9_n_0
    SLICE_X34Y53         LUT6 (Prop_lut6_I4_O)        0.124    26.862 r  u_CORTEXM0INTEGRATION/u_logic/Bfjpw6_i_4/O
                         net (fo=2, routed)           0.794    27.656    u_CORTEXM0INTEGRATION/u_logic/Bfjpw6_i_4_n_0
    SLICE_X40Y53         LUT6 (Prop_lut6_I2_O)        0.124    27.780 r  u_CORTEXM0INTEGRATION/u_logic/Vgjpw6_i_15/O
                         net (fo=2, routed)           1.458    29.238    u_CORTEXM0INTEGRATION/u_logic/Vgjpw6_i_15_n_0
    SLICE_X53Y47         LUT6 (Prop_lut6_I3_O)        0.124    29.362 f  u_CORTEXM0INTEGRATION/u_logic/Ydopw6_i_4/O
                         net (fo=2, routed)           0.509    29.871    u_CORTEXM0INTEGRATION/u_logic/Ydopw6_i_4_n_0
    SLICE_X53Y42         LUT6 (Prop_lut6_I3_O)        0.124    29.995 r  u_CORTEXM0INTEGRATION/u_logic/Ydopw6_rep_i_1/O
                         net (fo=1, routed)           0.000    29.995    u_CORTEXM0INTEGRATION/u_logic/Ydopw6_rep_i_1_n_0
    SLICE_X53Y42         FDCE                                         r  u_CORTEXM0INTEGRATION/u_logic/Ydopw6_reg_rep/D
  -------------------------------------------------------------------    -------------------

Slack:                    inf
  Source:                 u_CORTEXM0INTEGRATION/u_logic/Vhspw6_reg/C
                            (rising edge-triggered cell FDRE)
  Destination:            u_CORTEXM0INTEGRATION/u_logic/Vgjpw6_reg/D
  Path Group:             (none)
  Path Type:              Max at Slow Process Corner
  Data Path Delay:        29.605ns  (logic 9.204ns (31.090%)  route 20.401ns (68.910%))
  Logic Levels:           22  (CARRY4=4 DSP48E1=2 FDRE=1 LUT2=2 LUT3=1 LUT4=1 LUT5=2 LUT6=9)

    Location             Delay type                Incr(ns)  Path(ns)    Netlist Resource(s)
  -------------------------------------------------------------------    -------------------
    SLICE_X48Y50         FDRE                         0.000     0.000 r  u_CORTEXM0INTEGRATION/u_logic/Vhspw6_reg/C
    SLICE_X48Y50         FDRE (Prop_fdre_C_Q)         0.456     0.456 f  u_CORTEXM0INTEGRATION/u_logic/Vhspw6_reg/Q
                         net (fo=177, routed)         5.817     6.273    u_CORTEXM0INTEGRATION/u_logic/Vhspw6
    SLICE_X52Y66         LUT4 (Prop_lut4_I0_O)        0.124     6.397 f  u_CORTEXM0INTEGRATION/u_logic/Affpw60_i_74/O
                         net (fo=10, routed)          2.518     8.915    u_CORTEXM0INTEGRATION/u_logic/Affpw60_i_74_n_0
    SLICE_X49Y63         LUT5 (Prop_lut5_I3_O)        0.124     9.039 r  u_CORTEXM0INTEGRATION/u_logic/Affpw60__0_i_40/O
                         net (fo=1, routed)           0.870     9.910    u_CORTEXM0INTEGRATION/u_logic/Affpw60__0_i_40_n_0
    SLICE_X48Y63         LUT6 (Prop_lut6_I5_O)        0.124    10.034 r  u_CORTEXM0INTEGRATION/u_logic/Affpw60__0_i_20/O
                         net (fo=2, routed)           1.035    11.069    u_CORTEXM0INTEGRATION/u_logic/Affpw60__0_i_20_n_0
    SLICE_X54Y59         LUT2 (Prop_lut2_I0_O)        0.148    11.217 r  u_CORTEXM0INTEGRATION/u_logic/Affpw60__0_i_1/O
                         net (fo=1, routed)           0.581    11.797    u_CORTEXM0INTEGRATION/u_logic/Tgfpw6[16]
    DSP48_X1Y23          DSP48E1 (Prop_dsp48e1_B[16]_PCOUT[47])
                                                      4.055    15.852 r  u_CORTEXM0INTEGRATION/u_logic/Affpw60__0/PCOUT[47]
                         net (fo=1, routed)           0.002    15.854    u_CORTEXM0INTEGRATION/u_logic/Affpw60__0_n_106
    DSP48_X1Y24          DSP48E1 (Prop_dsp48e1_PCIN[47]_P[0])
                                                      1.518    17.372 r  u_CORTEXM0INTEGRATION/u_logic/Affpw60__1/P[0]
                         net (fo=2, routed)           1.133    18.506    u_CORTEXM0INTEGRATION/u_logic/Affpw60__1_n_105
    SLICE_X57Y61         LUT2 (Prop_lut2_I0_O)        0.124    18.630 r  u_CORTEXM0INTEGRATION/u_logic/Nznax6_i_9/O
                         net (fo=1, routed)           0.000    18.630    u_CORTEXM0INTEGRATION/u_logic/Nznax6_i_9_n_0
    SLICE_X57Y61         CARRY4 (Prop_carry4_S[1]_CO[3])
                                                      0.550    19.180 r  u_CORTEXM0INTEGRATION/u_logic/Nznax6_reg_i_6/CO[3]
                         net (fo=1, routed)           0.000    19.180    u_CORTEXM0INTEGRATION/u_logic/Nznax6_reg_i_6_n_0
    SLICE_X57Y62         CARRY4 (Prop_carry4_CI_CO[3])
                                                      0.114    19.294 r  u_CORTEXM0INTEGRATION/u_logic/Nrnax6_reg_i_14/CO[3]
                         net (fo=1, routed)           0.000    19.294    u_CORTEXM0INTEGRATION/u_logic/Nrnax6_reg_i_14_n_0
    SLICE_X57Y63         CARRY4 (Prop_carry4_CI_CO[3])
                                                      0.114    19.408 r  u_CORTEXM0INTEGRATION/u_logic/Nfnax6_reg_i_13/CO[3]
                         net (fo=1, routed)           0.000    19.408    u_CORTEXM0INTEGRATION/u_logic/Nfnax6_reg_i_13_n_0
    SLICE_X57Y64         CARRY4 (Prop_carry4_CI_O[1])
                                                      0.334    19.742 r  u_CORTEXM0INTEGRATION/u_logic/Rribx6_reg_i_14/O[1]
                         net (fo=1, routed)           0.925    20.667    u_CORTEXM0INTEGRATION/u_logic/p_0_in65_in
    SLICE_X42Y63         LUT6 (Prop_lut6_I2_O)        0.303    20.970 r  u_CORTEXM0INTEGRATION/u_logic/Nlnax6_i_11/O
                         net (fo=1, routed)           0.944    21.913    u_CORTEXM0INTEGRATION/u_logic/Nlnax6_i_11_n_0
    SLICE_X41Y63         LUT3 (Prop_lut3_I2_O)        0.124    22.037 r  u_CORTEXM0INTEGRATION/u_logic/Nlnax6_i_6/O
                         net (fo=1, routed)           0.310    22.348    u_CORTEXM0INTEGRATION/u_logic/Nlnax6_i_6_n_0
    SLICE_X42Y63         LUT6 (Prop_lut6_I5_O)        0.124    22.472 r  u_CORTEXM0INTEGRATION/u_logic/Nlnax6_i_2/O
                         net (fo=2, routed)           0.990    23.461    u_CORTEXM0INTEGRATION/u_logic/Nlnax6_i_2_n_0
    SLICE_X35Y62         LUT6 (Prop_lut6_I1_O)        0.124    23.585 r  u_CORTEXM0INTEGRATION/u_logic/Bfjpw6_i_27/O
                         net (fo=1, routed)           1.195    24.780    u_CORTEXM0INTEGRATION/u_logic/Bfjpw6_i_27_n_0
    SLICE_X35Y57         LUT5 (Prop_lut5_I0_O)        0.124    24.904 r  u_CORTEXM0INTEGRATION/u_logic/Bfjpw6_i_22/O
                         net (fo=1, routed)           0.941    25.845    u_CORTEXM0INTEGRATION/u_logic/Bfjpw6_i_22_n_0
    SLICE_X41Y57         LUT6 (Prop_lut6_I5_O)        0.124    25.969 r  u_CORTEXM0INTEGRATION/u_logic/Bfjpw6_i_9/O
                         net (fo=1, routed)           0.769    26.738    u_CORTEXM0INTEGRATION/u_logic/Bfjpw6_i_9_n_0
    SLICE_X34Y53         LUT6 (Prop_lut6_I4_O)        0.124    26.862 r  u_CORTEXM0INTEGRATION/u_logic/Bfjpw6_i_4/O
                         net (fo=2, routed)           0.794    27.656    u_CORTEXM0INTEGRATION/u_logic/Bfjpw6_i_4_n_0
    SLICE_X40Y53         LUT6 (Prop_lut6_I2_O)        0.124    27.780 r  u_CORTEXM0INTEGRATION/u_logic/Vgjpw6_i_15/O
                         net (fo=2, routed)           0.935    28.715    u_CORTEXM0INTEGRATION/u_logic/Vgjpw6_i_15_n_0
    SLICE_X49Y47         LUT6 (Prop_lut6_I3_O)        0.124    28.839 f  u_CORTEXM0INTEGRATION/u_logic/Vgjpw6_i_5/O
                         net (fo=1, routed)           0.642    29.481    u_CORTEXM0INTEGRATION/u_logic/Vgjpw6_i_5_n_0
    SLICE_X46Y48         LUT6 (Prop_lut6_I3_O)        0.124    29.605 r  u_CORTEXM0INTEGRATION/u_logic/Vgjpw6_i_1/O
                         net (fo=1, routed)           0.000    29.605    u_CORTEXM0INTEGRATION/u_logic/Oxohu6
    SLICE_X46Y48         FDRE                                         r  u_CORTEXM0INTEGRATION/u_logic/Vgjpw6_reg/D
  -------------------------------------------------------------------    -------------------

Slack:                    inf
  Source:                 u_CORTEXM0INTEGRATION/u_logic/Vhspw6_reg/C
                            (rising edge-triggered cell FDRE)
  Destination:            u_CORTEXM0INTEGRATION/u_logic/Bfjpw6_reg/D
  Path Group:             (none)
  Path Type:              Max at Slow Process Corner
  Data Path Delay:        28.122ns  (logic 9.080ns (32.288%)  route 19.042ns (67.712%))
  Logic Levels:           21  (CARRY4=4 DSP48E1=2 FDRE=1 LUT2=2 LUT3=1 LUT4=2 LUT5=3 LUT6=6)

    Location             Delay type                Incr(ns)  Path(ns)    Netlist Resource(s)
  -------------------------------------------------------------------    -------------------
    SLICE_X48Y50         FDRE                         0.000     0.000 r  u_CORTEXM0INTEGRATION/u_logic/Vhspw6_reg/C
    SLICE_X48Y50         FDRE (Prop_fdre_C_Q)         0.456     0.456 f  u_CORTEXM0INTEGRATION/u_logic/Vhspw6_reg/Q
                         net (fo=177, routed)         5.817     6.273    u_CORTEXM0INTEGRATION/u_logic/Vhspw6
    SLICE_X52Y66         LUT4 (Prop_lut4_I0_O)        0.124     6.397 f  u_CORTEXM0INTEGRATION/u_logic/Affpw60_i_74/O
                         net (fo=10, routed)          2.518     8.915    u_CORTEXM0INTEGRATION/u_logic/Affpw60_i_74_n_0
    SLICE_X49Y63         LUT5 (Prop_lut5_I3_O)        0.124     9.039 r  u_CORTEXM0INTEGRATION/u_logic/Affpw60__0_i_40/O
                         net (fo=1, routed)           0.870     9.910    u_CORTEXM0INTEGRATION/u_logic/Affpw60__0_i_40_n_0
    SLICE_X48Y63         LUT6 (Prop_lut6_I5_O)        0.124    10.034 r  u_CORTEXM0INTEGRATION/u_logic/Affpw60__0_i_20/O
                         net (fo=2, routed)           1.035    11.069    u_CORTEXM0INTEGRATION/u_logic/Affpw60__0_i_20_n_0
    SLICE_X54Y59         LUT2 (Prop_lut2_I0_O)        0.148    11.217 r  u_CORTEXM0INTEGRATION/u_logic/Affpw60__0_i_1/O
                         net (fo=1, routed)           0.581    11.797    u_CORTEXM0INTEGRATION/u_logic/Tgfpw6[16]
    DSP48_X1Y23          DSP48E1 (Prop_dsp48e1_B[16]_PCOUT[47])
                                                      4.055    15.852 r  u_CORTEXM0INTEGRATION/u_logic/Affpw60__0/PCOUT[47]
                         net (fo=1, routed)           0.002    15.854    u_CORTEXM0INTEGRATION/u_logic/Affpw60__0_n_106
    DSP48_X1Y24          DSP48E1 (Prop_dsp48e1_PCIN[47]_P[0])
                                                      1.518    17.372 r  u_CORTEXM0INTEGRATION/u_logic/Affpw60__1/P[0]
                         net (fo=2, routed)           1.133    18.506    u_CORTEXM0INTEGRATION/u_logic/Affpw60__1_n_105
    SLICE_X57Y61         LUT2 (Prop_lut2_I0_O)        0.124    18.630 r  u_CORTEXM0INTEGRATION/u_logic/Nznax6_i_9/O
                         net (fo=1, routed)           0.000    18.630    u_CORTEXM0INTEGRATION/u_logic/Nznax6_i_9_n_0
    SLICE_X57Y61         CARRY4 (Prop_carry4_S[1]_CO[3])
                                                      0.550    19.180 r  u_CORTEXM0INTEGRATION/u_logic/Nznax6_reg_i_6/CO[3]
                         net (fo=1, routed)           0.000    19.180    u_CORTEXM0INTEGRATION/u_logic/Nznax6_reg_i_6_n_0
    SLICE_X57Y62         CARRY4 (Prop_carry4_CI_CO[3])
                                                      0.114    19.294 r  u_CORTEXM0INTEGRATION/u_logic/Nrnax6_reg_i_14/CO[3]
                         net (fo=1, routed)           0.000    19.294    u_CORTEXM0INTEGRATION/u_logic/Nrnax6_reg_i_14_n_0
    SLICE_X57Y63         CARRY4 (Prop_carry4_CI_CO[3])
                                                      0.114    19.408 r  u_CORTEXM0INTEGRATION/u_logic/Nfnax6_reg_i_13/CO[3]
                         net (fo=1, routed)           0.000    19.408    u_CORTEXM0INTEGRATION/u_logic/Nfnax6_reg_i_13_n_0
    SLICE_X57Y64         CARRY4 (Prop_carry4_CI_O[1])
                                                      0.334    19.742 f  u_CORTEXM0INTEGRATION/u_logic/Rribx6_reg_i_14/O[1]
                         net (fo=1, routed)           0.925    20.667    u_CORTEXM0INTEGRATION/u_logic/p_0_in65_in
    SLICE_X42Y63         LUT6 (Prop_lut6_I2_O)        0.303    20.970 f  u_CORTEXM0INTEGRATION/u_logic/Nlnax6_i_11/O
                         net (fo=1, routed)           0.944    21.913    u_CORTEXM0INTEGRATION/u_logic/Nlnax6_i_11_n_0
    SLICE_X41Y63         LUT3 (Prop_lut3_I2_O)        0.124    22.037 f  u_CORTEXM0INTEGRATION/u_logic/Nlnax6_i_6/O
                         net (fo=1, routed)           0.310    22.348    u_CORTEXM0INTEGRATION/u_logic/Nlnax6_i_6_n_0
    SLICE_X42Y63         LUT6 (Prop_lut6_I5_O)        0.124    22.472 f  u_CORTEXM0INTEGRATION/u_logic/Nlnax6_i_2/O
                         net (fo=2, routed)           0.990    23.461    u_CORTEXM0INTEGRATION/u_logic/Nlnax6_i_2_n_0
    SLICE_X35Y62         LUT6 (Prop_lut6_I1_O)        0.124    23.585 f  u_CORTEXM0INTEGRATION/u_logic/Bfjpw6_i_27/O
                         net (fo=1, routed)           1.195    24.780    u_CORTEXM0INTEGRATION/u_logic/Bfjpw6_i_27_n_0
    SLICE_X35Y57         LUT5 (Prop_lut5_I0_O)        0.124    24.904 f  u_CORTEXM0INTEGRATION/u_logic/Bfjpw6_i_22/O
                         net (fo=1, routed)           0.941    25.845    u_CORTEXM0INTEGRATION/u_logic/Bfjpw6_i_22_n_0
    SLICE_X41Y57         LUT6 (Prop_lut6_I5_O)        0.124    25.969 f  u_CORTEXM0INTEGRATION/u_logic/Bfjpw6_i_9/O
                         net (fo=1, routed)           0.769    26.738    u_CORTEXM0INTEGRATION/u_logic/Bfjpw6_i_9_n_0
    SLICE_X34Y53         LUT6 (Prop_lut6_I4_O)        0.124    26.862 f  u_CORTEXM0INTEGRATION/u_logic/Bfjpw6_i_4/O
                         net (fo=2, routed)           0.332    27.194    u_CORTEXM0INTEGRATION/u_logic/Bfjpw6_i_4_n_0
    SLICE_X38Y53         LUT4 (Prop_lut4_I3_O)        0.124    27.318 r  u_CORTEXM0INTEGRATION/u_logic/Bfjpw6_i_2/O
                         net (fo=1, routed)           0.680    27.998    u_CORTEXM0INTEGRATION/u_logic_n_109
    SLICE_X38Y53         LUT5 (Prop_lut5_I2_O)        0.124    28.122 r  u_CORTEXM0INTEGRATION/Bfjpw6_i_1/O
                         net (fo=1, routed)           0.000    28.122    u_CORTEXM0INTEGRATION/u_logic/Bfjpw6_reg_1
    SLICE_X38Y53         FDPE                                         r  u_CORTEXM0INTEGRATION/u_logic/Bfjpw6_reg/D
  -------------------------------------------------------------------    -------------------

Slack:                    inf
  Source:                 u_CORTEXM0INTEGRATION/u_logic/Vhspw6_reg/C
                            (rising edge-triggered cell FDRE)
  Destination:            u_CORTEXM0INTEGRATION/u_logic/I9qpw6_reg/D
  Path Group:             (none)
  Path Type:              Max at Slow Process Corner
  Data Path Delay:        27.429ns  (logic 8.370ns (30.515%)  route 19.059ns (69.485%))
  Logic Levels:           16  (CARRY4=4 DSP48E1=2 FDRE=1 LUT2=3 LUT3=1 LUT4=1 LUT5=1 LUT6=3)

    Location             Delay type                Incr(ns)  Path(ns)    Netlist Resource(s)
  -------------------------------------------------------------------    -------------------
    SLICE_X48Y50         FDRE                         0.000     0.000 r  u_CORTEXM0INTEGRATION/u_logic/Vhspw6_reg/C
    SLICE_X48Y50         FDRE (Prop_fdre_C_Q)         0.456     0.456 f  u_CORTEXM0INTEGRATION/u_logic/Vhspw6_reg/Q
                         net (fo=177, routed)         5.817     6.273    u_CORTEXM0INTEGRATION/u_logic/Vhspw6
    SLICE_X52Y66         LUT4 (Prop_lut4_I0_O)        0.124     6.397 f  u_CORTEXM0INTEGRATION/u_logic/Affpw60_i_74/O
                         net (fo=10, routed)          2.518     8.915    u_CORTEXM0INTEGRATION/u_logic/Affpw60_i_74_n_0
    SLICE_X49Y63         LUT5 (Prop_lut5_I3_O)        0.124     9.039 r  u_CORTEXM0INTEGRATION/u_logic/Affpw60__0_i_40/O
                         net (fo=1, routed)           0.870     9.910    u_CORTEXM0INTEGRATION/u_logic/Affpw60__0_i_40_n_0
    SLICE_X48Y63         LUT6 (Prop_lut6_I5_O)        0.124    10.034 r  u_CORTEXM0INTEGRATION/u_logic/Affpw60__0_i_20/O
                         net (fo=2, routed)           1.035    11.069    u_CORTEXM0INTEGRATION/u_logic/Affpw60__0_i_20_n_0
    SLICE_X54Y59         LUT2 (Prop_lut2_I0_O)        0.148    11.217 r  u_CORTEXM0INTEGRATION/u_logic/Affpw60__0_i_1/O
                         net (fo=1, routed)           0.581    11.797    u_CORTEXM0INTEGRATION/u_logic/Tgfpw6[16]
    DSP48_X1Y23          DSP48E1 (Prop_dsp48e1_B[16]_PCOUT[47])
                                                      4.055    15.852 r  u_CORTEXM0INTEGRATION/u_logic/Affpw60__0/PCOUT[47]
                         net (fo=1, routed)           0.002    15.854    u_CORTEXM0INTEGRATION/u_logic/Affpw60__0_n_106
    DSP48_X1Y24          DSP48E1 (Prop_dsp48e1_PCIN[47]_P[0])
                                                      1.518    17.372 r  u_CORTEXM0INTEGRATION/u_logic/Affpw60__1/P[0]
                         net (fo=2, routed)           1.133    18.506    u_CORTEXM0INTEGRATION/u_logic/Affpw60__1_n_105
    SLICE_X57Y61         LUT2 (Prop_lut2_I0_O)        0.124    18.630 r  u_CORTEXM0INTEGRATION/u_logic/Nznax6_i_9/O
                         net (fo=1, routed)           0.000    18.630    u_CORTEXM0INTEGRATION/u_logic/Nznax6_i_9_n_0
    SLICE_X57Y61         CARRY4 (Prop_carry4_S[1]_CO[3])
                                                      0.550    19.180 r  u_CORTEXM0INTEGRATION/u_logic/Nznax6_reg_i_6/CO[3]
                         net (fo=1, routed)           0.000    19.180    u_CORTEXM0INTEGRATION/u_logic/Nznax6_reg_i_6_n_0
    SLICE_X57Y62         CARRY4 (Prop_carry4_CI_CO[3])
                                                      0.114    19.294 r  u_CORTEXM0INTEGRATION/u_logic/Nrnax6_reg_i_14/CO[3]
                         net (fo=1, routed)           0.000    19.294    u_CORTEXM0INTEGRATION/u_logic/Nrnax6_reg_i_14_n_0
    SLICE_X57Y63         CARRY4 (Prop_carry4_CI_CO[3])
                                                      0.114    19.408 r  u_CORTEXM0INTEGRATION/u_logic/Nfnax6_reg_i_13/CO[3]
                         net (fo=1, routed)           0.000    19.408    u_CORTEXM0INTEGRATION/u_logic/Nfnax6_reg_i_13_n_0
    SLICE_X57Y64         CARRY4 (Prop_carry4_CI_O[0])
                                                      0.222    19.630 r  u_CORTEXM0INTEGRATION/u_logic/Rribx6_reg_i_14/O[0]
                         net (fo=1, routed)           1.179    20.809    u_CORTEXM0INTEGRATION/u_logic/p_0_in97_in
    SLICE_X41Y63         LUT6 (Prop_lut6_I2_O)        0.299    21.108 r  u_CORTEXM0INTEGRATION/u_logic/Rribx6_i_12/O
                         net (fo=1, routed)           0.941    22.049    u_CORTEXM0INTEGRATION/u_logic/Rribx6_i_12_n_0
    SLICE_X41Y60         LUT3 (Prop_lut3_I2_O)        0.124    22.173 r  u_CORTEXM0INTEGRATION/u_logic/Rribx6_i_6/O
                         net (fo=1, routed)           0.991    23.164    u_CORTEXM0INTEGRATION/u_logic/Rribx6_i_6_n_0
    SLICE_X40Y62         LUT6 (Prop_lut6_I5_O)        0.124    23.288 r  u_CORTEXM0INTEGRATION/u_logic/Rribx6_i_2/O
                         net (fo=2, routed)           1.633    24.921    u_CORTEXM0INTEGRATION/u_logic/Rribx6_i_2_n_0
    SLICE_X34Y64         LUT2 (Prop_lut2_I0_O)        0.150    25.071 r  u_CORTEXM0INTEGRATION/u_logic/Rribx6_i_1/O
                         net (fo=16, routed)          2.358    27.429    u_CORTEXM0INTEGRATION/u_logic/Gfniu6
    SLICE_X47Y68         FDRE                                         r  u_CORTEXM0INTEGRATION/u_logic/I9qpw6_reg/D
  -------------------------------------------------------------------    -------------------

Slack:                    inf
  Source:                 u_CORTEXM0INTEGRATION/u_logic/Vhspw6_reg/C
                            (rising edge-triggered cell FDRE)
  Destination:            u_CORTEXM0INTEGRATION/u_logic/R7ibx6_reg/D
  Path Group:             (none)
  Path Type:              Max at Slow Process Corner
  Data Path Delay:        27.271ns  (logic 8.370ns (30.692%)  route 18.901ns (69.308%))
  Logic Levels:           16  (CARRY4=4 DSP48E1=2 FDRE=1 LUT2=3 LUT3=1 LUT4=1 LUT5=1 LUT6=3)

    Location             Delay type                Incr(ns)  Path(ns)    Netlist Resource(s)
  -------------------------------------------------------------------    -------------------
    SLICE_X48Y50         FDRE                         0.000     0.000 r  u_CORTEXM0INTEGRATION/u_logic/Vhspw6_reg/C
    SLICE_X48Y50         FDRE (Prop_fdre_C_Q)         0.456     0.456 f  u_CORTEXM0INTEGRATION/u_logic/Vhspw6_reg/Q
                         net (fo=177, routed)         5.817     6.273    u_CORTEXM0INTEGRATION/u_logic/Vhspw6
    SLICE_X52Y66         LUT4 (Prop_lut4_I0_O)        0.124     6.397 f  u_CORTEXM0INTEGRATION/u_logic/Affpw60_i_74/O
                         net (fo=10, routed)          2.518     8.915    u_CORTEXM0INTEGRATION/u_logic/Affpw60_i_74_n_0
    SLICE_X49Y63         LUT5 (Prop_lut5_I3_O)        0.124     9.039 r  u_CORTEXM0INTEGRATION/u_logic/Affpw60__0_i_40/O
                         net (fo=1, routed)           0.870     9.910    u_CORTEXM0INTEGRATION/u_logic/Affpw60__0_i_40_n_0
    SLICE_X48Y63         LUT6 (Prop_lut6_I5_O)        0.124    10.034 r  u_CORTEXM0INTEGRATION/u_logic/Affpw60__0_i_20/O
                         net (fo=2, routed)           1.035    11.069    u_CORTEXM0INTEGRATION/u_logic/Affpw60__0_i_20_n_0
    SLICE_X54Y59         LUT2 (Prop_lut2_I0_O)        0.148    11.217 r  u_CORTEXM0INTEGRATION/u_logic/Affpw60__0_i_1/O
                         net (fo=1, routed)           0.581    11.797    u_CORTEXM0INTEGRATION/u_logic/Tgfpw6[16]
    DSP48_X1Y23          DSP48E1 (Prop_dsp48e1_B[16]_PCOUT[47])
                                                      4.055    15.852 r  u_CORTEXM0INTEGRATION/u_logic/Affpw60__0/PCOUT[47]
                         net (fo=1, routed)           0.002    15.854    u_CORTEXM0INTEGRATION/u_logic/Affpw60__0_n_106
    DSP48_X1Y24          DSP48E1 (Prop_dsp48e1_PCIN[47]_P[0])
                                                      1.518    17.372 r  u_CORTEXM0INTEGRATION/u_logic/Affpw60__1/P[0]
                         net (fo=2, routed)           1.133    18.506    u_CORTEXM0INTEGRATION/u_logic/Affpw60__1_n_105
    SLICE_X57Y61         LUT2 (Prop_lut2_I0_O)        0.124    18.630 r  u_CORTEXM0INTEGRATION/u_logic/Nznax6_i_9/O
                         net (fo=1, routed)           0.000    18.630    u_CORTEXM0INTEGRATION/u_logic/Nznax6_i_9_n_0
    SLICE_X57Y61         CARRY4 (Prop_carry4_S[1]_CO[3])
                                                      0.550    19.180 r  u_CORTEXM0INTEGRATION/u_logic/Nznax6_reg_i_6/CO[3]
                         net (fo=1, routed)           0.000    19.180    u_CORTEXM0INTEGRATION/u_logic/Nznax6_reg_i_6_n_0
    SLICE_X57Y62         CARRY4 (Prop_carry4_CI_CO[3])
                                                      0.114    19.294 r  u_CORTEXM0INTEGRATION/u_logic/Nrnax6_reg_i_14/CO[3]
                         net (fo=1, routed)           0.000    19.294    u_CORTEXM0INTEGRATION/u_logic/Nrnax6_reg_i_14_n_0
    SLICE_X57Y63         CARRY4 (Prop_carry4_CI_CO[3])
                                                      0.114    19.408 r  u_CORTEXM0INTEGRATION/u_logic/Nfnax6_reg_i_13/CO[3]
                         net (fo=1, routed)           0.000    19.408    u_CORTEXM0INTEGRATION/u_logic/Nfnax6_reg_i_13_n_0
    SLICE_X57Y64         CARRY4 (Prop_carry4_CI_O[0])
                                                      0.222    19.630 r  u_CORTEXM0INTEGRATION/u_logic/Rribx6_reg_i_14/O[0]
                         net (fo=1, routed)           1.179    20.809    u_CORTEXM0INTEGRATION/u_logic/p_0_in97_in
    SLICE_X41Y63         LUT6 (Prop_lut6_I2_O)        0.299    21.108 r  u_CORTEXM0INTEGRATION/u_logic/Rribx6_i_12/O
                         net (fo=1, routed)           0.941    22.049    u_CORTEXM0INTEGRATION/u_logic/Rribx6_i_12_n_0
    SLICE_X41Y60         LUT3 (Prop_lut3_I2_O)        0.124    22.173 r  u_CORTEXM0INTEGRATION/u_logic/Rribx6_i_6/O
                         net (fo=1, routed)           0.991    23.164    u_CORTEXM0INTEGRATION/u_logic/Rribx6_i_6_n_0
    SLICE_X40Y62         LUT6 (Prop_lut6_I5_O)        0.124    23.288 r  u_CORTEXM0INTEGRATION/u_logic/Rribx6_i_2/O
                         net (fo=2, routed)           1.633    24.921    u_CORTEXM0INTEGRATION/u_logic/Rribx6_i_2_n_0
    SLICE_X34Y64         LUT2 (Prop_lut2_I0_O)        0.150    25.071 r  u_CORTEXM0INTEGRATION/u_logic/Rribx6_i_1/O
                         net (fo=16, routed)          2.200    27.271    u_CORTEXM0INTEGRATION/u_logic/Gfniu6
    SLICE_X48Y68         FDRE                                         r  u_CORTEXM0INTEGRATION/u_logic/R7ibx6_reg/D
  -------------------------------------------------------------------    -------------------

Slack:                    inf
  Source:                 u_CORTEXM0INTEGRATION/u_logic/Vhspw6_reg/C
                            (rising edge-triggered cell FDRE)
  Destination:            u_CORTEXM0INTEGRATION/u_logic/Rjibx6_reg/D
  Path Group:             (none)
  Path Type:              Max at Slow Process Corner
  Data Path Delay:        27.240ns  (logic 8.370ns (30.727%)  route 18.870ns (69.273%))
  Logic Levels:           16  (CARRY4=4 DSP48E1=2 FDRE=1 LUT2=3 LUT3=1 LUT4=1 LUT5=1 LUT6=3)

    Location             Delay type                Incr(ns)  Path(ns)    Netlist Resource(s)
  -------------------------------------------------------------------    -------------------
    SLICE_X48Y50         FDRE                         0.000     0.000 r  u_CORTEXM0INTEGRATION/u_logic/Vhspw6_reg/C
    SLICE_X48Y50         FDRE (Prop_fdre_C_Q)         0.456     0.456 f  u_CORTEXM0INTEGRATION/u_logic/Vhspw6_reg/Q
                         net (fo=177, routed)         5.817     6.273    u_CORTEXM0INTEGRATION/u_logic/Vhspw6
    SLICE_X52Y66         LUT4 (Prop_lut4_I0_O)        0.124     6.397 f  u_CORTEXM0INTEGRATION/u_logic/Affpw60_i_74/O
                         net (fo=10, routed)          2.518     8.915    u_CORTEXM0INTEGRATION/u_logic/Affpw60_i_74_n_0
    SLICE_X49Y63         LUT5 (Prop_lut5_I3_O)        0.124     9.039 r  u_CORTEXM0INTEGRATION/u_logic/Affpw60__0_i_40/O
                         net (fo=1, routed)           0.870     9.910    u_CORTEXM0INTEGRATION/u_logic/Affpw60__0_i_40_n_0
    SLICE_X48Y63         LUT6 (Prop_lut6_I5_O)        0.124    10.034 r  u_CORTEXM0INTEGRATION/u_logic/Affpw60__0_i_20/O
                         net (fo=2, routed)           1.035    11.069    u_CORTEXM0INTEGRATION/u_logic/Affpw60__0_i_20_n_0
    SLICE_X54Y59         LUT2 (Prop_lut2_I0_O)        0.148    11.217 r  u_CORTEXM0INTEGRATION/u_logic/Affpw60__0_i_1/O
                         net (fo=1, routed)           0.581    11.797    u_CORTEXM0INTEGRATION/u_logic/Tgfpw6[16]
    DSP48_X1Y23          DSP48E1 (Prop_dsp48e1_B[16]_PCOUT[47])
                                                      4.055    15.852 r  u_CORTEXM0INTEGRATION/u_logic/Affpw60__0/PCOUT[47]
                         net (fo=1, routed)           0.002    15.854    u_CORTEXM0INTEGRATION/u_logic/Affpw60__0_n_106
    DSP48_X1Y24          DSP48E1 (Prop_dsp48e1_PCIN[47]_P[0])
                                                      1.518    17.372 r  u_CORTEXM0INTEGRATION/u_logic/Affpw60__1/P[0]
                         net (fo=2, routed)           1.133    18.506    u_CORTEXM0INTEGRATION/u_logic/Affpw60__1_n_105
    SLICE_X57Y61         LUT2 (Prop_lut2_I0_O)        0.124    18.630 r  u_CORTEXM0INTEGRATION/u_logic/Nznax6_i_9/O
                         net (fo=1, routed)           0.000    18.630    u_CORTEXM0INTEGRATION/u_logic/Nznax6_i_9_n_0
    SLICE_X57Y61         CARRY4 (Prop_carry4_S[1]_CO[3])
                                                      0.550    19.180 r  u_CORTEXM0INTEGRATION/u_logic/Nznax6_reg_i_6/CO[3]
                         net (fo=1, routed)           0.000    19.180    u_CORTEXM0INTEGRATION/u_logic/Nznax6_reg_i_6_n_0
    SLICE_X57Y62         CARRY4 (Prop_carry4_CI_CO[3])
                                                      0.114    19.294 r  u_CORTEXM0INTEGRATION/u_logic/Nrnax6_reg_i_14/CO[3]
                         net (fo=1, routed)           0.000    19.294    u_CORTEXM0INTEGRATION/u_logic/Nrnax6_reg_i_14_n_0
    SLICE_X57Y63         CARRY4 (Prop_carry4_CI_CO[3])
                                                      0.114    19.408 r  u_CORTEXM0INTEGRATION/u_logic/Nfnax6_reg_i_13/CO[3]
                         net (fo=1, routed)           0.000    19.408    u_CORTEXM0INTEGRATION/u_logic/Nfnax6_reg_i_13_n_0
    SLICE_X57Y64         CARRY4 (Prop_carry4_CI_O[0])
                                                      0.222    19.630 r  u_CORTEXM0INTEGRATION/u_logic/Rribx6_reg_i_14/O[0]
                         net (fo=1, routed)           1.179    20.809    u_CORTEXM0INTEGRATION/u_logic/p_0_in97_in
    SLICE_X41Y63         LUT6 (Prop_lut6_I2_O)        0.299    21.108 r  u_CORTEXM0INTEGRATION/u_logic/Rribx6_i_12/O
                         net (fo=1, routed)           0.941    22.049    u_CORTEXM0INTEGRATION/u_logic/Rribx6_i_12_n_0
    SLICE_X41Y60         LUT3 (Prop_lut3_I2_O)        0.124    22.173 r  u_CORTEXM0INTEGRATION/u_logic/Rribx6_i_6/O
                         net (fo=1, routed)           0.991    23.164    u_CORTEXM0INTEGRATION/u_logic/Rribx6_i_6_n_0
    SLICE_X40Y62         LUT6 (Prop_lut6_I5_O)        0.124    23.288 r  u_CORTEXM0INTEGRATION/u_logic/Rribx6_i_2/O
                         net (fo=2, routed)           1.633    24.921    u_CORTEXM0INTEGRATION/u_logic/Rribx6_i_2_n_0
    SLICE_X34Y64         LUT2 (Prop_lut2_I0_O)        0.150    25.071 r  u_CORTEXM0INTEGRATION/u_logic/Rribx6_i_1/O
                         net (fo=16, routed)          2.169    27.240    u_CORTEXM0INTEGRATION/u_logic/Gfniu6
    SLICE_X46Y68         FDRE                                         r  u_CORTEXM0INTEGRATION/u_logic/Rjibx6_reg/D
  -------------------------------------------------------------------    -------------------

Slack:                    inf
  Source:                 u_CORTEXM0INTEGRATION/u_logic/Vhspw6_reg/C
                            (rising edge-triggered cell FDRE)
  Destination:            u_CORTEXM0INTEGRATION/u_logic/Rnibx6_reg/D
  Path Group:             (none)
  Path Type:              Max at Slow Process Corner
  Data Path Delay:        27.221ns  (logic 8.370ns (30.748%)  route 18.851ns (69.252%))
  Logic Levels:           16  (CARRY4=4 DSP48E1=2 FDRE=1 LUT2=3 LUT3=1 LUT4=1 LUT5=1 LUT6=3)

    Location             Delay type                Incr(ns)  Path(ns)    Netlist Resource(s)
  -------------------------------------------------------------------    -------------------
    SLICE_X48Y50         FDRE                         0.000     0.000 r  u_CORTEXM0INTEGRATION/u_logic/Vhspw6_reg/C
    SLICE_X48Y50         FDRE (Prop_fdre_C_Q)         0.456     0.456 f  u_CORTEXM0INTEGRATION/u_logic/Vhspw6_reg/Q
                         net (fo=177, routed)         5.817     6.273    u_CORTEXM0INTEGRATION/u_logic/Vhspw6
    SLICE_X52Y66         LUT4 (Prop_lut4_I0_O)        0.124     6.397 f  u_CORTEXM0INTEGRATION/u_logic/Affpw60_i_74/O
                         net (fo=10, routed)          2.518     8.915    u_CORTEXM0INTEGRATION/u_logic/Affpw60_i_74_n_0
    SLICE_X49Y63         LUT5 (Prop_lut5_I3_O)        0.124     9.039 r  u_CORTEXM0INTEGRATION/u_logic/Affpw60__0_i_40/O
                         net (fo=1, routed)           0.870     9.910    u_CORTEXM0INTEGRATION/u_logic/Affpw60__0_i_40_n_0
    SLICE_X48Y63         LUT6 (Prop_lut6_I5_O)        0.124    10.034 r  u_CORTEXM0INTEGRATION/u_logic/Affpw60__0_i_20/O
                         net (fo=2, routed)           1.035    11.069    u_CORTEXM0INTEGRATION/u_logic/Affpw60__0_i_20_n_0
    SLICE_X54Y59         LUT2 (Prop_lut2_I0_O)        0.148    11.217 r  u_CORTEXM0INTEGRATION/u_logic/Affpw60__0_i_1/O
                         net (fo=1, routed)           0.581    11.797    u_CORTEXM0INTEGRATION/u_logic/Tgfpw6[16]
    DSP48_X1Y23          DSP48E1 (Prop_dsp48e1_B[16]_PCOUT[47])
                                                      4.055    15.852 r  u_CORTEXM0INTEGRATION/u_logic/Affpw60__0/PCOUT[47]
                         net (fo=1, routed)           0.002    15.854    u_CORTEXM0INTEGRATION/u_logic/Affpw60__0_n_106
    DSP48_X1Y24          DSP48E1 (Prop_dsp48e1_PCIN[47]_P[0])
                                                      1.518    17.372 r  u_CORTEXM0INTEGRATION/u_logic/Affpw60__1/P[0]
                         net (fo=2, routed)           1.133    18.506    u_CORTEXM0INTEGRATION/u_logic/Affpw60__1_n_105
    SLICE_X57Y61         LUT2 (Prop_lut2_I0_O)        0.124    18.630 r  u_CORTEXM0INTEGRATION/u_logic/Nznax6_i_9/O
                         net (fo=1, routed)           0.000    18.630    u_CORTEXM0INTEGRATION/u_logic/Nznax6_i_9_n_0
    SLICE_X57Y61         CARRY4 (Prop_carry4_S[1]_CO[3])
                                                      0.550    19.180 r  u_CORTEXM0INTEGRATION/u_logic/Nznax6_reg_i_6/CO[3]
                         net (fo=1, routed)           0.000    19.180    u_CORTEXM0INTEGRATION/u_logic/Nznax6_reg_i_6_n_0
    SLICE_X57Y62         CARRY4 (Prop_carry4_CI_CO[3])
                                                      0.114    19.294 r  u_CORTEXM0INTEGRATION/u_logic/Nrnax6_reg_i_14/CO[3]
                         net (fo=1, routed)           0.000    19.294    u_CORTEXM0INTEGRATION/u_logic/Nrnax6_reg_i_14_n_0
    SLICE_X57Y63         CARRY4 (Prop_carry4_CI_CO[3])
                                                      0.114    19.408 r  u_CORTEXM0INTEGRATION/u_logic/Nfnax6_reg_i_13/CO[3]
                         net (fo=1, routed)           0.000    19.408    u_CORTEXM0INTEGRATION/u_logic/Nfnax6_reg_i_13_n_0
    SLICE_X57Y64         CARRY4 (Prop_carry4_CI_O[0])
                                                      0.222    19.630 r  u_CORTEXM0INTEGRATION/u_logic/Rribx6_reg_i_14/O[0]
                         net (fo=1, routed)           1.179    20.809    u_CORTEXM0INTEGRATION/u_logic/p_0_in97_in
    SLICE_X41Y63         LUT6 (Prop_lut6_I2_O)        0.299    21.108 r  u_CORTEXM0INTEGRATION/u_logic/Rribx6_i_12/O
                         net (fo=1, routed)           0.941    22.049    u_CORTEXM0INTEGRATION/u_logic/Rribx6_i_12_n_0
    SLICE_X41Y60         LUT3 (Prop_lut3_I2_O)        0.124    22.173 r  u_CORTEXM0INTEGRATION/u_logic/Rribx6_i_6/O
                         net (fo=1, routed)           0.991    23.164    u_CORTEXM0INTEGRATION/u_logic/Rribx6_i_6_n_0
    SLICE_X40Y62         LUT6 (Prop_lut6_I5_O)        0.124    23.288 r  u_CORTEXM0INTEGRATION/u_logic/Rribx6_i_2/O
                         net (fo=2, routed)           1.633    24.921    u_CORTEXM0INTEGRATION/u_logic/Rribx6_i_2_n_0
    SLICE_X34Y64         LUT2 (Prop_lut2_I0_O)        0.150    25.071 r  u_CORTEXM0INTEGRATION/u_logic/Rribx6_i_1/O
                         net (fo=16, routed)          2.151    27.221    u_CORTEXM0INTEGRATION/u_logic/Gfniu6
    SLICE_X46Y69         FDRE                                         r  u_CORTEXM0INTEGRATION/u_logic/Rnibx6_reg/D
  -------------------------------------------------------------------    -------------------

Slack:                    inf
  Source:                 u_CORTEXM0INTEGRATION/u_logic/Vhspw6_reg/C
                            (rising edge-triggered cell FDRE)
  Destination:            u_CORTEXM0INTEGRATION/u_logic/R9ibx6_reg/D
  Path Group:             (none)
  Path Type:              Max at Slow Process Corner
  Data Path Delay:        27.091ns  (logic 8.370ns (30.896%)  route 18.721ns (69.104%))
  Logic Levels:           16  (CARRY4=4 DSP48E1=2 FDRE=1 LUT2=3 LUT3=1 LUT4=1 LUT5=1 LUT6=3)

    Location             Delay type                Incr(ns)  Path(ns)    Netlist Resource(s)
  -------------------------------------------------------------------    -------------------
    SLICE_X48Y50         FDRE                         0.000     0.000 r  u_CORTEXM0INTEGRATION/u_logic/Vhspw6_reg/C
    SLICE_X48Y50         FDRE (Prop_fdre_C_Q)         0.456     0.456 f  u_CORTEXM0INTEGRATION/u_logic/Vhspw6_reg/Q
                         net (fo=177, routed)         5.817     6.273    u_CORTEXM0INTEGRATION/u_logic/Vhspw6
    SLICE_X52Y66         LUT4 (Prop_lut4_I0_O)        0.124     6.397 f  u_CORTEXM0INTEGRATION/u_logic/Affpw60_i_74/O
                         net (fo=10, routed)          2.518     8.915    u_CORTEXM0INTEGRATION/u_logic/Affpw60_i_74_n_0
    SLICE_X49Y63         LUT5 (Prop_lut5_I3_O)        0.124     9.039 r  u_CORTEXM0INTEGRATION/u_logic/Affpw60__0_i_40/O
                         net (fo=1, routed)           0.870     9.910    u_CORTEXM0INTEGRATION/u_logic/Affpw60__0_i_40_n_0
    SLICE_X48Y63         LUT6 (Prop_lut6_I5_O)        0.124    10.034 r  u_CORTEXM0INTEGRATION/u_logic/Affpw60__0_i_20/O
                         net (fo=2, routed)           1.035    11.069    u_CORTEXM0INTEGRATION/u_logic/Affpw60__0_i_20_n_0
    SLICE_X54Y59         LUT2 (Prop_lut2_I0_O)        0.148    11.217 r  u_CORTEXM0INTEGRATION/u_logic/Affpw60__0_i_1/O
                         net (fo=1, routed)           0.581    11.797    u_CORTEXM0INTEGRATION/u_logic/Tgfpw6[16]
    DSP48_X1Y23          DSP48E1 (Prop_dsp48e1_B[16]_PCOUT[47])
                                                      4.055    15.852 r  u_CORTEXM0INTEGRATION/u_logic/Affpw60__0/PCOUT[47]
                         net (fo=1, routed)           0.002    15.854    u_CORTEXM0INTEGRATION/u_logic/Affpw60__0_n_106
    DSP48_X1Y24          DSP48E1 (Prop_dsp48e1_PCIN[47]_P[0])
                                                      1.518    17.372 r  u_CORTEXM0INTEGRATION/u_logic/Affpw60__1/P[0]
                         net (fo=2, routed)           1.133    18.506    u_CORTEXM0INTEGRATION/u_logic/Affpw60__1_n_105
    SLICE_X57Y61         LUT2 (Prop_lut2_I0_O)        0.124    18.630 r  u_CORTEXM0INTEGRATION/u_logic/Nznax6_i_9/O
                         net (fo=1, routed)           0.000    18.630    u_CORTEXM0INTEGRATION/u_logic/Nznax6_i_9_n_0
    SLICE_X57Y61         CARRY4 (Prop_carry4_S[1]_CO[3])
                                                      0.550    19.180 r  u_CORTEXM0INTEGRATION/u_logic/Nznax6_reg_i_6/CO[3]
                         net (fo=1, routed)           0.000    19.180    u_CORTEXM0INTEGRATION/u_logic/Nznax6_reg_i_6_n_0
    SLICE_X57Y62         CARRY4 (Prop_carry4_CI_CO[3])
                                                      0.114    19.294 r  u_CORTEXM0INTEGRATION/u_logic/Nrnax6_reg_i_14/CO[3]
                         net (fo=1, routed)           0.000    19.294    u_CORTEXM0INTEGRATION/u_logic/Nrnax6_reg_i_14_n_0
    SLICE_X57Y63         CARRY4 (Prop_carry4_CI_CO[3])
                                                      0.114    19.408 r  u_CORTEXM0INTEGRATION/u_logic/Nfnax6_reg_i_13/CO[3]
                         net (fo=1, routed)           0.000    19.408    u_CORTEXM0INTEGRATION/u_logic/Nfnax6_reg_i_13_n_0
    SLICE_X57Y64         CARRY4 (Prop_carry4_CI_O[0])
                                                      0.222    19.630 r  u_CORTEXM0INTEGRATION/u_logic/Rribx6_reg_i_14/O[0]
                         net (fo=1, routed)           1.179    20.809    u_CORTEXM0INTEGRATION/u_logic/p_0_in97_in
    SLICE_X41Y63         LUT6 (Prop_lut6_I2_O)        0.299    21.108 r  u_CORTEXM0INTEGRATION/u_logic/Rribx6_i_12/O
                         net (fo=1, routed)           0.941    22.049    u_CORTEXM0INTEGRATION/u_logic/Rribx6_i_12_n_0
    SLICE_X41Y60         LUT3 (Prop_lut3_I2_O)        0.124    22.173 r  u_CORTEXM0INTEGRATION/u_logic/Rribx6_i_6/O
                         net (fo=1, routed)           0.991    23.164    u_CORTEXM0INTEGRATION/u_logic/Rribx6_i_6_n_0
    SLICE_X40Y62         LUT6 (Prop_lut6_I5_O)        0.124    23.288 r  u_CORTEXM0INTEGRATION/u_logic/Rribx6_i_2/O
                         net (fo=2, routed)           1.633    24.921    u_CORTEXM0INTEGRATION/u_logic/Rribx6_i_2_n_0
    SLICE_X34Y64         LUT2 (Prop_lut2_I0_O)        0.150    25.071 r  u_CORTEXM0INTEGRATION/u_logic/Rribx6_i_1/O
                         net (fo=16, routed)          2.020    27.091    u_CORTEXM0INTEGRATION/u_logic/Gfniu6
    SLICE_X47Y69         FDRE                                         r  u_CORTEXM0INTEGRATION/u_logic/R9ibx6_reg/D
  -------------------------------------------------------------------    -------------------

Slack:                    inf
  Source:                 u_CORTEXM0INTEGRATION/u_logic/Vhspw6_reg/C
                            (rising edge-triggered cell FDRE)
  Destination:            u_CORTEXM0INTEGRATION/u_logic/Rhibx6_reg/D
  Path Group:             (none)
  Path Type:              Max at Slow Process Corner
  Data Path Delay:        27.067ns  (logic 8.370ns (30.923%)  route 18.697ns (69.077%))
  Logic Levels:           16  (CARRY4=4 DSP48E1=2 FDRE=1 LUT2=3 LUT3=1 LUT4=1 LUT5=1 LUT6=3)

    Location             Delay type                Incr(ns)  Path(ns)    Netlist Resource(s)
  -------------------------------------------------------------------    -------------------
    SLICE_X48Y50         FDRE                         0.000     0.000 r  u_CORTEXM0INTEGRATION/u_logic/Vhspw6_reg/C
    SLICE_X48Y50         FDRE (Prop_fdre_C_Q)         0.456     0.456 f  u_CORTEXM0INTEGRATION/u_logic/Vhspw6_reg/Q
                         net (fo=177, routed)         5.817     6.273    u_CORTEXM0INTEGRATION/u_logic/Vhspw6
    SLICE_X52Y66         LUT4 (Prop_lut4_I0_O)        0.124     6.397 f  u_CORTEXM0INTEGRATION/u_logic/Affpw60_i_74/O
                         net (fo=10, routed)          2.518     8.915    u_CORTEXM0INTEGRATION/u_logic/Affpw60_i_74_n_0
    SLICE_X49Y63         LUT5 (Prop_lut5_I3_O)        0.124     9.039 r  u_CORTEXM0INTEGRATION/u_logic/Affpw60__0_i_40/O
                         net (fo=1, routed)           0.870     9.910    u_CORTEXM0INTEGRATION/u_logic/Affpw60__0_i_40_n_0
    SLICE_X48Y63         LUT6 (Prop_lut6_I5_O)        0.124    10.034 r  u_CORTEXM0INTEGRATION/u_logic/Affpw60__0_i_20/O
                         net (fo=2, routed)           1.035    11.069    u_CORTEXM0INTEGRATION/u_logic/Affpw60__0_i_20_n_0
    SLICE_X54Y59         LUT2 (Prop_lut2_I0_O)        0.148    11.217 r  u_CORTEXM0INTEGRATION/u_logic/Affpw60__0_i_1/O
                         net (fo=1, routed)           0.581    11.797    u_CORTEXM0INTEGRATION/u_logic/Tgfpw6[16]
    DSP48_X1Y23          DSP48E1 (Prop_dsp48e1_B[16]_PCOUT[47])
                                                      4.055    15.852 r  u_CORTEXM0INTEGRATION/u_logic/Affpw60__0/PCOUT[47]
                         net (fo=1, routed)           0.002    15.854    u_CORTEXM0INTEGRATION/u_logic/Affpw60__0_n_106
    DSP48_X1Y24          DSP48E1 (Prop_dsp48e1_PCIN[47]_P[0])
                                                      1.518    17.372 r  u_CORTEXM0INTEGRATION/u_logic/Affpw60__1/P[0]
                         net (fo=2, routed)           1.133    18.506    u_CORTEXM0INTEGRATION/u_logic/Affpw60__1_n_105
    SLICE_X57Y61         LUT2 (Prop_lut2_I0_O)        0.124    18.630 r  u_CORTEXM0INTEGRATION/u_logic/Nznax6_i_9/O
                         net (fo=1, routed)           0.000    18.630    u_CORTEXM0INTEGRATION/u_logic/Nznax6_i_9_n_0
    SLICE_X57Y61         CARRY4 (Prop_carry4_S[1]_CO[3])
                                                      0.550    19.180 r  u_CORTEXM0INTEGRATION/u_logic/Nznax6_reg_i_6/CO[3]
                         net (fo=1, routed)           0.000    19.180    u_CORTEXM0INTEGRATION/u_logic/Nznax6_reg_i_6_n_0
    SLICE_X57Y62         CARRY4 (Prop_carry4_CI_CO[3])
                                                      0.114    19.294 r  u_CORTEXM0INTEGRATION/u_logic/Nrnax6_reg_i_14/CO[3]
                         net (fo=1, routed)           0.000    19.294    u_CORTEXM0INTEGRATION/u_logic/Nrnax6_reg_i_14_n_0
    SLICE_X57Y63         CARRY4 (Prop_carry4_CI_CO[3])
                                                      0.114    19.408 r  u_CORTEXM0INTEGRATION/u_logic/Nfnax6_reg_i_13/CO[3]
                         net (fo=1, routed)           0.000    19.408    u_CORTEXM0INTEGRATION/u_logic/Nfnax6_reg_i_13_n_0
    SLICE_X57Y64         CARRY4 (Prop_carry4_CI_O[0])
                                                      0.222    19.630 r  u_CORTEXM0INTEGRATION/u_logic/Rribx6_reg_i_14/O[0]
                         net (fo=1, routed)           1.179    20.809    u_CORTEXM0INTEGRATION/u_logic/p_0_in97_in
    SLICE_X41Y63         LUT6 (Prop_lut6_I2_O)        0.299    21.108 r  u_CORTEXM0INTEGRATION/u_logic/Rribx6_i_12/O
                         net (fo=1, routed)           0.941    22.049    u_CORTEXM0INTEGRATION/u_logic/Rribx6_i_12_n_0
    SLICE_X41Y60         LUT3 (Prop_lut3_I2_O)        0.124    22.173 r  u_CORTEXM0INTEGRATION/u_logic/Rribx6_i_6/O
                         net (fo=1, routed)           0.991    23.164    u_CORTEXM0INTEGRATION/u_logic/Rribx6_i_6_n_0
    SLICE_X40Y62         LUT6 (Prop_lut6_I5_O)        0.124    23.288 r  u_CORTEXM0INTEGRATION/u_logic/Rribx6_i_2/O
                         net (fo=2, routed)           1.633    24.921    u_CORTEXM0INTEGRATION/u_logic/Rribx6_i_2_n_0
    SLICE_X34Y64         LUT2 (Prop_lut2_I0_O)        0.150    25.071 r  u_CORTEXM0INTEGRATION/u_logic/Rribx6_i_1/O
                         net (fo=16, routed)          1.997    27.067    u_CORTEXM0INTEGRATION/u_logic/Gfniu6
    SLICE_X48Y69         FDRE                                         r  u_CORTEXM0INTEGRATION/u_logic/Rhibx6_reg/D
  -------------------------------------------------------------------    -------------------





Min Delay Paths
--------------------------------------------------------------------------------------
Slack:                    inf
  Source:                 uAHBUART/uUART_RX/data_reg_reg[0]/C
                            (rising edge-triggered cell FDCE)
  Destination:            uAHBUART/uFIFO_RX/array_reg_reg_0_15_0_5/RAMA/I
  Path Group:             (none)
  Path Type:              Min at Fast Process Corner
  Data Path Delay:        0.197ns  (logic 0.141ns (71.611%)  route 0.056ns (28.389%))
  Logic Levels:           1  (FDCE=1)

    Location             Delay type                Incr(ns)  Path(ns)    Netlist Resource(s)
  -------------------------------------------------------------------    -------------------
    SLICE_X15Y61         FDCE                         0.000     0.000 r  uAHBUART/uUART_RX/data_reg_reg[0]/C
    SLICE_X15Y61         FDCE (Prop_fdce_C_Q)         0.141     0.141 r  uAHBUART/uUART_RX/data_reg_reg[0]/Q
                         net (fo=1, routed)           0.056     0.197    uAHBUART/uFIFO_RX/array_reg_reg_0_15_0_5/DIA0
    SLICE_X14Y61         RAMD32                                       r  uAHBUART/uFIFO_RX/array_reg_reg_0_15_0_5/RAMA/I
  -------------------------------------------------------------------    -------------------

Slack:                    inf
  Source:                 uAHBUART/uUART_RX/data_reg_reg[4]/C
                            (rising edge-triggered cell FDCE)
  Destination:            uAHBUART/uFIFO_RX/array_reg_reg_0_15_0_5/RAMC/I
  Path Group:             (none)
  Path Type:              Min at Fast Process Corner
  Data Path Delay:        0.203ns  (logic 0.128ns (63.063%)  route 0.075ns (36.937%))
  Logic Levels:           1  (FDCE=1)

    Location             Delay type                Incr(ns)  Path(ns)    Netlist Resource(s)
  -------------------------------------------------------------------    -------------------
    SLICE_X15Y61         FDCE                         0.000     0.000 r  uAHBUART/uUART_RX/data_reg_reg[4]/C
    SLICE_X15Y61         FDCE (Prop_fdce_C_Q)         0.128     0.128 r  uAHBUART/uUART_RX/data_reg_reg[4]/Q
                         net (fo=2, routed)           0.075     0.203    uAHBUART/uFIFO_RX/array_reg_reg_0_15_0_5/DIC0
    SLICE_X14Y61         RAMD32                                       r  uAHBUART/uFIFO_RX/array_reg_reg_0_15_0_5/RAMC/I
  -------------------------------------------------------------------    -------------------

Slack:                    inf
  Source:                 uAHBGPIO/gpio_datain_reg[1]/C
                            (rising edge-triggered cell FDCE)
  Destination:            uAHBGPIO/previous_switch_reg[1]/D
  Path Group:             (none)
  Path Type:              Min at Fast Process Corner
  Data Path Delay:        0.208ns  (logic 0.141ns (67.788%)  route 0.067ns (32.212%))
  Logic Levels:           1  (FDCE=1)

    Location             Delay type                Incr(ns)  Path(ns)    Netlist Resource(s)
  -------------------------------------------------------------------    -------------------
    SLICE_X29Y69         FDCE                         0.000     0.000 r  uAHBGPIO/gpio_datain_reg[1]/C
    SLICE_X29Y69         FDCE (Prop_fdce_C_Q)         0.141     0.141 r  uAHBGPIO/gpio_datain_reg[1]/Q
                         net (fo=3, routed)           0.067     0.208    uAHBGPIO/gpio_datain[1]
    SLICE_X29Y69         FDCE                                         r  uAHBGPIO/previous_switch_reg[1]/D
  -------------------------------------------------------------------    -------------------

Slack:                    inf
  Source:                 uAHBGPIO/gpio_datain_reg[0]/C
                            (rising edge-triggered cell FDCE)
  Destination:            uAHBGPIO/previous_switch_reg[0]/D
  Path Group:             (none)
  Path Type:              Min at Fast Process Corner
  Data Path Delay:        0.209ns  (logic 0.141ns (67.433%)  route 0.068ns (32.567%))
  Logic Levels:           1  (FDCE=1)

    Location             Delay type                Incr(ns)  Path(ns)    Netlist Resource(s)
  -------------------------------------------------------------------    -------------------
    SLICE_X29Y69         FDCE                         0.000     0.000 r  uAHBGPIO/gpio_datain_reg[0]/C
    SLICE_X29Y69         FDCE (Prop_fdce_C_Q)         0.141     0.141 r  uAHBGPIO/gpio_datain_reg[0]/Q
                         net (fo=3, routed)           0.068     0.209    uAHBGPIO/gpio_datain[0]
    SLICE_X29Y69         FDCE                                         r  uAHBGPIO/previous_switch_reg[0]/D
  -------------------------------------------------------------------    -------------------

Slack:                    inf
  Source:                 uAHBVGA/uVGAInterface/FreqDivider/counter_reg[0]/C
                            (rising edge-triggered cell FDRE)
  Destination:            uAHBVGA/uVGAInterface/FreqDivider/triggerout_reg/D
  Path Group:             (none)
  Path Type:              Min at Fast Process Corner
  Data Path Delay:        0.231ns  (logic 0.164ns (70.995%)  route 0.067ns (29.005%))
  Logic Levels:           1  (FDRE=1)

    Location             Delay type                Incr(ns)  Path(ns)    Netlist Resource(s)
  -------------------------------------------------------------------    -------------------
    SLICE_X12Y81         FDRE                         0.000     0.000 r  uAHBVGA/uVGAInterface/FreqDivider/counter_reg[0]/C
    SLICE_X12Y81         FDRE (Prop_fdre_C_Q)         0.164     0.164 r  uAHBVGA/uVGAInterface/FreqDivider/counter_reg[0]/Q
                         net (fo=2, routed)           0.067     0.231    uAHBVGA/uVGAInterface/FreqDivider/counter_reg_n_0_[0]
    SLICE_X12Y81         FDRE                                         r  uAHBVGA/uVGAInterface/FreqDivider/triggerout_reg/D
  -------------------------------------------------------------------    -------------------

Slack:                    inf
  Source:                 uAHBVGA/uVGAInterface/HorzAddrCounter/counter_reg[3]/C
                            (rising edge-triggered cell FDRE)
  Destination:            uAHBVGA/uVGAInterface/addrh_reg[3]/D
  Path Group:             (none)
  Path Type:              Min at Fast Process Corner
  Data Path Delay:        0.247ns  (logic 0.128ns (51.872%)  route 0.119ns (48.128%))
  Logic Levels:           1  (FDRE=1)

    Location             Delay type                Incr(ns)  Path(ns)    Netlist Resource(s)
  -------------------------------------------------------------------    -------------------
    SLICE_X15Y79         FDRE                         0.000     0.000 r  uAHBVGA/uVGAInterface/HorzAddrCounter/counter_reg[3]/C
    SLICE_X15Y79         FDRE (Prop_fdre_C_Q)         0.128     0.128 r  uAHBVGA/uVGAInterface/HorzAddrCounter/counter_reg[3]/Q
                         net (fo=6, routed)           0.119     0.247    uAHBVGA/uVGAInterface/HorzCount[3]
    SLICE_X14Y79         FDRE                                         r  uAHBVGA/uVGAInterface/addrh_reg[3]/D
  -------------------------------------------------------------------    -------------------

Slack:                    inf
  Source:                 u_CORTEXM0INTEGRATION/u_logic/Tmjbx6_reg/C
                            (rising edge-triggered cell FDRE)
  Destination:            u_CORTEXM0INTEGRATION/u_logic/Uojbx6_reg/D
  Path Group:             (none)
  Path Type:              Min at Fast Process Corner
  Data Path Delay:        0.248ns  (logic 0.186ns (74.990%)  route 0.062ns (25.010%))
  Logic Levels:           2  (FDRE=1 LUT6=1)

    Location             Delay type                Incr(ns)  Path(ns)    Netlist Resource(s)
  -------------------------------------------------------------------    -------------------
    SLICE_X28Y42         FDRE                         0.000     0.000 r  u_CORTEXM0INTEGRATION/u_logic/Tmjbx6_reg/C
    SLICE_X28Y42         FDRE (Prop_fdre_C_Q)         0.141     0.141 r  u_CORTEXM0INTEGRATION/u_logic/Tmjbx6_reg/Q
                         net (fo=2, routed)           0.062     0.203    u_CORTEXM0INTEGRATION/u_logic/Tmjbx6
    SLICE_X29Y42         LUT6 (Prop_lut6_I1_O)        0.045     0.248 r  u_CORTEXM0INTEGRATION/u_logic/Uojbx6_i_1/O
                         net (fo=1, routed)           0.000     0.248    u_CORTEXM0INTEGRATION/u_logic/Mcuhu6
    SLICE_X29Y42         FDRE                                         r  u_CORTEXM0INTEGRATION/u_logic/Uojbx6_reg/D
  -------------------------------------------------------------------    -------------------

Slack:                    inf
  Source:                 u_CORTEXM0INTEGRATION/u_logic/Rq0qw6_reg/C
                            (rising edge-triggered cell FDRE)
  Destination:            u_CORTEXM0INTEGRATION/u_logic/Ss0qw6_reg/D
  Path Group:             (none)
  Path Type:              Min at Fast Process Corner
  Data Path Delay:        0.252ns  (logic 0.186ns (73.740%)  route 0.066ns (26.260%))
  Logic Levels:           2  (FDRE=1 LUT6=1)

    Location             Delay type                Incr(ns)  Path(ns)    Netlist Resource(s)
  -------------------------------------------------------------------    -------------------
    SLICE_X31Y41         FDRE                         0.000     0.000 r  u_CORTEXM0INTEGRATION/u_logic/Rq0qw6_reg/C
    SLICE_X31Y41         FDRE (Prop_fdre_C_Q)         0.141     0.141 r  u_CORTEXM0INTEGRATION/u_logic/Rq0qw6_reg/Q
                         net (fo=2, routed)           0.066     0.207    u_CORTEXM0INTEGRATION/u_logic/Rq0qw6
    SLICE_X30Y41         LUT6 (Prop_lut6_I1_O)        0.045     0.252 r  u_CORTEXM0INTEGRATION/u_logic/Ss0qw6_i_1/O
                         net (fo=1, routed)           0.000     0.252    u_CORTEXM0INTEGRATION/u_logic/Tcuhu6
    SLICE_X30Y41         FDRE                                         r  u_CORTEXM0INTEGRATION/u_logic/Ss0qw6_reg/D
  -------------------------------------------------------------------    -------------------

Slack:                    inf
  Source:                 u_CORTEXM0INTEGRATION/u_logic/Vlxax6_reg/C
                            (rising edge-triggered cell FDRE)
  Destination:            u_CORTEXM0INTEGRATION/u_logic/Kzabx6_reg/D
  Path Group:             (none)
  Path Type:              Min at Fast Process Corner
  Data Path Delay:        0.254ns  (logic 0.186ns (73.160%)  route 0.068ns (26.840%))
  Logic Levels:           2  (FDRE=1 LUT6=1)

    Location             Delay type                Incr(ns)  Path(ns)    Netlist Resource(s)
  -------------------------------------------------------------------    -------------------
    SLICE_X31Y41         FDRE                         0.000     0.000 r  u_CORTEXM0INTEGRATION/u_logic/Vlxax6_reg/C
    SLICE_X31Y41         FDRE (Prop_fdre_C_Q)         0.141     0.141 r  u_CORTEXM0INTEGRATION/u_logic/Vlxax6_reg/Q
                         net (fo=2, routed)           0.068     0.209    u_CORTEXM0INTEGRATION/u_logic/Vlxax6
    SLICE_X30Y41         LUT6 (Prop_lut6_I1_O)        0.045     0.254 r  u_CORTEXM0INTEGRATION/u_logic/Kzabx6_i_1/O
                         net (fo=1, routed)           0.000     0.254    u_CORTEXM0INTEGRATION/u_logic/Jeuhu6
    SLICE_X30Y41         FDRE                                         r  u_CORTEXM0INTEGRATION/u_logic/Kzabx6_reg/D
  -------------------------------------------------------------------    -------------------

Slack:                    inf
  Source:                 uAHBUART/uUART_RX/data_reg_reg[3]/C
                            (rising edge-triggered cell FDCE)
  Destination:            uAHBUART/uUART_RX/data_reg_reg[2]/D
  Path Group:             (none)
  Path Type:              Min at Fast Process Corner
  Data Path Delay:        0.255ns  (logic 0.141ns (55.285%)  route 0.114ns (44.715%))
  Logic Levels:           1  (FDCE=1)

    Location             Delay type                Incr(ns)  Path(ns)    Netlist Resource(s)
  -------------------------------------------------------------------    -------------------
    SLICE_X15Y61         FDCE                         0.000     0.000 r  uAHBUART/uUART_RX/data_reg_reg[3]/C
    SLICE_X15Y61         FDCE (Prop_fdce_C_Q)         0.141     0.141 r  uAHBUART/uUART_RX/data_reg_reg[3]/Q
                         net (fo=2, routed)           0.114     0.255    uAHBUART/uUART_RX/Q[3]
    SLICE_X15Y61         FDCE                                         r  uAHBUART/uUART_RX/data_reg_reg[2]/D
  -------------------------------------------------------------------    -------------------





