#-----------------------------------------------------------
# updatemem v2021.2 (64-bit)
# SW Build 3367213 on Tue Oct 19 02:48:09 MDT 2021
# IP Build 3369179 on Thu Oct 21 08:25:16 MDT 2021
# Start of session at: Fri May  1 03:25:09 2026
# Process ID: 45112
# Current directory: C:/LocalWorkspace/EE277A/EE277A_labs/Lab9_workspace/lab9_api
# Command line: updatemem.exe -mode batch -source D:/Xilinx/Vivado/2021.2/scripts/updatemem/main.tcl -notrace -tclargs -meminfo bram.mmi -data code.mem -proc my_bram -bit C:/LocalWorkspace/EE277A/EE277A_labs/Lab9_workspace/lab9_api/lab9_api.runs/impl_1/AHBLITE_SYS.bit -out reflash.bit -force -debug
# Log file: C:/LocalWorkspace/EE277A/EE277A_labs/Lab9_workspace/lab9_api/updatemem.log
# Journal file: C:/LocalWorkspace/EE277A/EE277A_labs/Lab9_workspace/lab9_api\updatemem.jou
# Running On: Asus_Pranav, OS: Windows, CPU Frequency: 3686 MHz, CPU Physical cores: 16, Host memory: 33685 MB
#-----------------------------------------------------------
source D:/Xilinx/Vivado/2021.2/scripts/updatemem/main.tcl -notrace
Command: update_mem -meminfo bram.mmi -data code.mem -proc my_bram -bit C:/LocalWorkspace/EE277A/EE277A_labs/Lab9_workspace/lab9_api/lab9_api.runs/impl_1/AHBLITE_SYS.bit -out reflash.bit -force -debug
Loading bitfile C:/LocalWorkspace/EE277A/EE277A_labs/Lab9_workspace/lab9_api/lab9_api.runs/impl_1/AHBLITE_SYS.bit
Loading data files...
Updating memory content...
Creating bitstream...
Writing bitstream reflash.bit...
0 Infos, 0 Warnings, 0 Critical Warnings and 0 Errors encountered.
update_mem completed successfully
update_mem: Time (s): cpu = 00:00:06 ; elapsed = 00:00:06 . Memory (MB): peak = 1485.344 ; gain = 906.973
INFO: [Common 17-206] Exiting updatemem at Fri May  1 03:25:17 2026...
